Building DAG of jobs...
Using shell: /usr/bin/bash
Provided cores: 8
Rules claiming more threads will be scaled down.
Job stats:
job                count    min threads    max threads
---------------  -------  -------------  -------------
all                    1              1              1
build_supertree        1              1              1
build_trees            1              1              1
select_clusters        1              1              1
total                  4              1              1

Select jobs to execute...

[Thu Jan 19 16:47:21 2023]
rule select_clusters:
    input: results/mmseq_res/mmseq_result_all05_all_seqs.fasta
    output: results/selected_clusters/all05_orto15
    jobid: 3
    reason: Missing output files: results/selected_clusters/all05_orto15
    wildcards: subset=all05, type=orto15
    resources: tmpdir=/tmp

[Thu Jan 19 16:47:22 2023]
Finished job 3.
1 of 4 steps (25%) done
Select jobs to execute...

[Thu Jan 19 16:47:22 2023]
rule build_trees:
    input: results/selected_clusters/all05_orto15
    output: results/all05_orto15_trees1file.nwk
    jobid: 2
    reason: Missing output files: results/all05_orto15_trees1file.nwk; Input files updated by another job: results/selected_clusters/all05_orto15
    wildcards: subset=all05, type=orto15
    resources: tmpdir=/tmp

[Thu Jan 19 16:48:09 2023]
Finished job 2.
2 of 4 steps (50%) done
Select jobs to execute...

[Thu Jan 19 16:48:09 2023]
rule build_supertree:
    input: results/all05_orto15_trees1file.nwk
    output: results/all05_orto15_supertree.nwk
    jobid: 1
    reason: Missing output files: results/all05_orto15_supertree.nwk; Input files updated by another job: results/all05_orto15_trees1file.nwk
    wildcards: subset=all05, type=orto15
    resources: tmpdir=/tmp

[Thu Jan 19 16:48:11 2023]
Finished job 1.
3 of 4 steps (75%) done
Select jobs to execute...

[Thu Jan 19 16:48:11 2023]
localrule all:
    input: results/all05_orto15_supertree.nwk
    jobid: 0
    reason: Input files updated by another job: results/all05_orto15_supertree.nwk
    resources: tmpdir=/tmp

[Thu Jan 19 16:48:11 2023]
Finished job 0.
4 of 4 steps (100%) done
Complete log: .snakemake/log/2023-01-19T164721.661284.snakemake.log
