Building DAG of jobs...
Using shell: /usr/bin/bash
Provided cores: 8
Rules claiming more threads will be scaled down.
Job stats:
job                count    min threads    max threads
---------------  -------  -------------  -------------
all                    1              1              1
bootstrap              1              1              1
build_consensus        1              1              1
build_supertree        1              1              1
build_trees            1              1              1
run_mmseq2             1              1              1
save_to_onefile        1              1              1
select_clusters        1              1              1
trees2onefile          1              1              1
total                  9              1              1

Select jobs to execute...

[Fri Jan 20 23:07:44 2023]
rule save_to_onefile:
    input: species/species.txt, results/proteomes_raw/UP000001986.fasta, results/proteomes_raw/UP000002410.fasta, results/proteomes_raw/UP000001412.fasta, results/proteomes_raw/UP000002411.fasta, results/proteomes_raw/UP000000814.fasta, results/proteomes_raw/UP000031866.fasta, results/proteomes_raw/UP000001823.fasta, results/proteomes_raw/UP000001824.fasta, results/proteomes_raw/UP000000818.fasta, results/proteomes_raw/UP000000370.fasta, results/proteomes_raw/UP000001978.fasta, results/proteomes_raw/UP000000269.fasta, results/proteomes_raw/UP000001572.fasta, results/proteomes_raw/UP000019109.fasta, results/proteomes_raw/UP000000256.fasta, results/proteomes_raw/UP000002156.fasta, results/proteomes_raw/UP000000555.fasta, results/proteomes_raw/UP000000417.fasta, results/proteomes_raw/UP000001946.fasta, results/proteomes_raw/UP000001968.fasta, results/proteomes_raw/UP000182811.fasta, results/proteomes_raw/UP000002706.fasta, results/proteomes_raw/UP000001556.fasta, results/proteomes_raw/UP000000423.fasta, results/proteomes_raw/UP000001016.fasta, results/proteomes_raw/UP000000581.fasta, results/proteomes_raw/UP000008816.fasta, results/proteomes_raw/UP000001570.fasta, results/proteomes_raw/UP000001584.fasta, results/proteomes_raw/UP000001973.fasta
    output: results/proteomes/proteomes_without2therarest.fasta
    jobid: 7
    reason: Code has changed since last execution
    wildcards: subset=without2therarest
    resources: tmpdir=/tmp

[Fri Jan 20 23:07:45 2023]
Finished job 7.
1 of 9 steps (11%) done
Select jobs to execute...

[Fri Jan 20 23:07:45 2023]
rule run_mmseq2:
    input: results/proteomes/proteomes_without2therarest.fasta
    output: results/mmseq_res/mmseq_result_without2therarest_all_seqs.fasta
    jobid: 6
    reason: Input files updated by another job: results/proteomes/proteomes_without2therarest.fasta
    wildcards: subset=without2therarest
    resources: tmpdir=/tmp

[Fri Jan 20 23:09:34 2023]
Finished job 6.
2 of 9 steps (22%) done
Select jobs to execute...

[Fri Jan 20 23:09:34 2023]
rule select_clusters:
    input: results/mmseq_res/mmseq_result_without2therarest_all_seqs.fasta
    output: results/selected_clusters/without2therarest_orto1to1
    jobid: 5
    reason: Input files updated by another job: results/mmseq_res/mmseq_result_without2therarest_all_seqs.fasta
    wildcards: subset=without2therarest, type=orto1to1
    resources: tmpdir=/tmp

[Fri Jan 20 23:09:35 2023]
Finished job 5.
3 of 9 steps (33%) done
Select jobs to execute...

[Fri Jan 20 23:09:35 2023]
rule build_trees:
    input: results/selected_clusters/without2therarest_orto1to1
    output: results/msa_results/without2therarest_orto1to1, results/nj_trees/without2therarest_orto1to1
    jobid: 4
    reason: Input files updated by another job: results/selected_clusters/without2therarest_orto1to1
    wildcards: subset=without2therarest, type=orto1to1
    resources: tmpdir=/tmp

[Fri Jan 20 23:09:57 2023]
Finished job 4.
4 of 9 steps (44%) done
Select jobs to execute...

[Fri Jan 20 23:09:57 2023]
rule bootstrap:
    input: results/msa_results/without2therarest_orto1to1, results/nj_trees/without2therarest_orto1to1
    output: results/nj_trees_bootstrap/without2therarest_orto1to1
    jobid: 3
    reason: Missing output files: results/nj_trees_bootstrap/without2therarest_orto1to1; Input files updated by another job: results/msa_results/without2therarest_orto1to1, results/nj_trees/without2therarest_orto1to1
    wildcards: subset=without2therarest, type=orto1to1
    resources: tmpdir=/tmp

[Fri Jan 20 23:14:13 2023]
Finished job 3.
5 of 9 steps (56%) done
Select jobs to execute...

[Fri Jan 20 23:14:13 2023]
rule trees2onefile:
    input: results/nj_trees_bootstrap/without2therarest_orto1to1
    output: results/final/without2therarest_orto1to1_b_trees1file.nwk
    jobid: 2
    reason: Missing output files: results/final/without2therarest_orto1to1_b_trees1file.nwk; Input files updated by another job: results/nj_trees_bootstrap/without2therarest_orto1to1
    wildcards: subset=without2therarest, type=orto1to1, bootstrap=b
    resources: tmpdir=/tmp

[Fri Jan 20 23:14:13 2023]
Finished job 2.
6 of 9 steps (67%) done
Select jobs to execute...

[Fri Jan 20 23:14:13 2023]
rule build_consensus:
    input: results/final/without2therarest_orto1to1_b_trees1file.nwk
    output: results/final/without2therarest_orto1to1_b_consensus.nwk
    jobid: 9
    reason: Missing output files: results/final/without2therarest_orto1to1_b_consensus.nwk; Input files updated by another job: results/final/without2therarest_orto1to1_b_trees1file.nwk
    wildcards: subset=without2therarest, type=orto1to1, bootstrap=b
    resources: tmpdir=/tmp

[Fri Jan 20 23:14:13 2023]
rule build_supertree:
    input: results/final/without2therarest_orto1to1_b_trees1file.nwk
    output: results/final/without2therarest_orto1to1_b_supertree.nwk
    jobid: 1
    reason: Missing output files: results/final/without2therarest_orto1to1_b_supertree.nwk; Input files updated by another job: results/final/without2therarest_orto1to1_b_trees1file.nwk
    wildcards: subset=without2therarest, type=orto1to1, bootstrap=b
    resources: tmpdir=/tmp

[Fri Jan 20 23:14:14 2023]
Finished job 9.
7 of 9 steps (78%) done
[Fri Jan 20 23:14:14 2023]
Finished job 1.
8 of 9 steps (89%) done
Select jobs to execute...

[Fri Jan 20 23:14:14 2023]
localrule all:
    input: results/final/without2therarest_orto1to1_b_supertree.nwk, results/final/without2therarest_orto1to1_b_consensus.nwk
    jobid: 0
    reason: Input files updated by another job: results/final/without2therarest_orto1to1_b_consensus.nwk, results/final/without2therarest_orto1to1_b_supertree.nwk
    resources: tmpdir=/tmp

[Fri Jan 20 23:14:14 2023]
Finished job 0.
9 of 9 steps (100%) done
Complete log: .snakemake/log/2023-01-20T230744.558980.snakemake.log
