Building DAG of jobs...
Using shell: /usr/bin/bash
Provided cores: 8
Rules claiming more threads will be scaled down.
Job stats:
job                   count    min threads    max threads
------------------  -------  -------------  -------------
all                       1              1              1
build_consensus           1              1              1
build_supertree           1              1              1
build_trees               1              1              1
download_proteomes        1              1              1
run_mmseq2                1              1              1
save_to_onefile           1              1              1
select_clusters           1              1              1
total                     8              1              1

Select jobs to execute...

[Thu Jan 19 16:11:06 2023]
rule download_proteomes:
    input: species/species.txt
    output: results/proteomes_raw/UP000001986.fasta, results/proteomes_raw/UP000002410.fasta, results/proteomes_raw/UP000001412.fasta, results/proteomes_raw/UP000002411.fasta, results/proteomes_raw/UP000000814.fasta, results/proteomes_raw/UP000031866.fasta, results/proteomes_raw/UP000001823.fasta, results/proteomes_raw/UP000001824.fasta, results/proteomes_raw/UP000000818.fasta, results/proteomes_raw/UP000000370.fasta, results/proteomes_raw/UP000001978.fasta, results/proteomes_raw/UP000000269.fasta, results/proteomes_raw/UP000001572.fasta, results/proteomes_raw/UP000019109.fasta, results/proteomes_raw/UP000000256.fasta, results/proteomes_raw/UP000002156.fasta, results/proteomes_raw/UP000000555.fasta, results/proteomes_raw/UP000000417.fasta, results/proteomes_raw/UP000001946.fasta, results/proteomes_raw/UP000001968.fasta, results/proteomes_raw/UP000182811.fasta, results/proteomes_raw/UP000002706.fasta, results/proteomes_raw/UP000001556.fasta, results/proteomes_raw/UP000000423.fasta, results/proteomes_raw/UP000001016.fasta, results/proteomes_raw/UP000000581.fasta, results/proteomes_raw/UP000008816.fasta, results/proteomes_raw/UP000001570.fasta, results/proteomes_raw/UP000001584.fasta, results/proteomes_raw/UP000001973.fasta
    jobid: 6
    reason: Missing output files: results/proteomes_raw/UP000002410.fasta, results/proteomes_raw/UP000002706.fasta, results/proteomes_raw/UP000000370.fasta, results/proteomes_raw/UP000001584.fasta, results/proteomes_raw/UP000002156.fasta, results/proteomes_raw/UP000001570.fasta, results/proteomes_raw/UP000000256.fasta, results/proteomes_raw/UP000001824.fasta, results/proteomes_raw/UP000019109.fasta, results/proteomes_raw/UP000001016.fasta, results/proteomes_raw/UP000002411.fasta, results/proteomes_raw/UP000000269.fasta, results/proteomes_raw/UP000000417.fasta, results/proteomes_raw/UP000001968.fasta, results/proteomes_raw/UP000008816.fasta, results/proteomes_raw/UP000031866.fasta, results/proteomes_raw/UP000000818.fasta, results/proteomes_raw/UP000001412.fasta, results/proteomes_raw/UP000001978.fasta, results/proteomes_raw/UP000001986.fasta, results/proteomes_raw/UP000001823.fasta, results/proteomes_raw/UP000000581.fasta, results/proteomes_raw/UP000182811.fasta, results/proteomes_raw/UP000001556.fasta, results/proteomes_raw/UP000000423.fasta, results/proteomes_raw/UP000001973.fasta, results/proteomes_raw/UP000001946.fasta, results/proteomes_raw/UP000001572.fasta, results/proteomes_raw/UP000000814.fasta, results/proteomes_raw/UP000000555.fasta
    resources: tmpdir=/tmp

[Thu Jan 19 16:11:56 2023]
Finished job 6.
1 of 8 steps (12%) done
Select jobs to execute...

[Thu Jan 19 16:11:56 2023]
rule save_to_onefile:
    input: species/species.txt, results/proteomes_raw/UP000001986.fasta, results/proteomes_raw/UP000002410.fasta, results/proteomes_raw/UP000001412.fasta, results/proteomes_raw/UP000002411.fasta, results/proteomes_raw/UP000000814.fasta, results/proteomes_raw/UP000031866.fasta, results/proteomes_raw/UP000001823.fasta, results/proteomes_raw/UP000001824.fasta, results/proteomes_raw/UP000000818.fasta, results/proteomes_raw/UP000000370.fasta, results/proteomes_raw/UP000001978.fasta, results/proteomes_raw/UP000000269.fasta, results/proteomes_raw/UP000001572.fasta, results/proteomes_raw/UP000019109.fasta, results/proteomes_raw/UP000000256.fasta, results/proteomes_raw/UP000002156.fasta, results/proteomes_raw/UP000000555.fasta, results/proteomes_raw/UP000000417.fasta, results/proteomes_raw/UP000001946.fasta, results/proteomes_raw/UP000001968.fasta, results/proteomes_raw/UP000182811.fasta, results/proteomes_raw/UP000002706.fasta, results/proteomes_raw/UP000001556.fasta, results/proteomes_raw/UP000000423.fasta, results/proteomes_raw/UP000001016.fasta, results/proteomes_raw/UP000000581.fasta, results/proteomes_raw/UP000008816.fasta, results/proteomes_raw/UP000001570.fasta, results/proteomes_raw/UP000001584.fasta, results/proteomes_raw/UP000001973.fasta
    output: results/proteomes/proteomes_all05.fasta
    jobid: 5
    reason: Missing output files: results/proteomes/proteomes_all05.fasta; Input files updated by another job: results/proteomes_raw/UP000031866.fasta, results/proteomes_raw/UP000000818.fasta, results/proteomes_raw/UP000002410.fasta, results/proteomes_raw/UP000000370.fasta, results/proteomes_raw/UP000002706.fasta, results/proteomes_raw/UP000001412.fasta, results/proteomes_raw/UP000001978.fasta, results/proteomes_raw/UP000001584.fasta, results/proteomes_raw/UP000002156.fasta, results/proteomes_raw/UP000001570.fasta, results/proteomes_raw/UP000001986.fasta, results/proteomes_raw/UP000001823.fasta, results/proteomes_raw/UP000000581.fasta, results/proteomes_raw/UP000000256.fasta, results/proteomes_raw/UP000182811.fasta, results/proteomes_raw/UP000001824.fasta, results/proteomes_raw/UP000019109.fasta, results/proteomes_raw/UP000001016.fasta, results/proteomes_raw/UP000001556.fasta, results/proteomes_raw/UP000000423.fasta, results/proteomes_raw/UP000001973.fasta, results/proteomes_raw/UP000001946.fasta, results/proteomes_raw/UP000002411.fasta, results/proteomes_raw/UP000000269.fasta, results/proteomes_raw/UP000000417.fasta, results/proteomes_raw/UP000001968.fasta, results/proteomes_raw/UP000001572.fasta, results/proteomes_raw/UP000000814.fasta, results/proteomes_raw/UP000000555.fasta, results/proteomes_raw/UP000008816.fasta
    wildcards: subset=all05
    resources: tmpdir=/tmp

[Thu Jan 19 16:11:56 2023]
Finished job 5.
2 of 8 steps (25%) done
Select jobs to execute...

[Thu Jan 19 16:11:56 2023]
rule run_mmseq2:
    input: results/proteomes/proteomes_all05.fasta
    output: results/mmseq_res/mmseq_result_all05_all_seqs.fasta
    jobid: 4
    reason: Missing output files: results/mmseq_res/mmseq_result_all05_all_seqs.fasta; Input files updated by another job: results/proteomes/proteomes_all05.fasta
    wildcards: subset=all05
    resources: tmpdir=/tmp

[Thu Jan 19 16:13:30 2023]
Finished job 4.
3 of 8 steps (38%) done
Select jobs to execute...

[Thu Jan 19 16:13:30 2023]
rule select_clusters:
    input: results/mmseq_res/mmseq_result_all05_all_seqs.fasta
    output: results/selected_clusters/all05_orto1to1
    jobid: 3
    reason: Missing output files: results/selected_clusters/all05_orto1to1; Input files updated by another job: results/mmseq_res/mmseq_result_all05_all_seqs.fasta
    wildcards: subset=all05, type=orto1to1
    resources: tmpdir=/tmp

[Thu Jan 19 16:13:30 2023]
Finished job 3.
4 of 8 steps (50%) done
Select jobs to execute...

[Thu Jan 19 16:13:30 2023]
rule build_trees:
    input: results/selected_clusters/all05_orto1to1
    output: results/all05_orto1to1_trees1file.nwk
    jobid: 2
    reason: Missing output files: results/all05_orto1to1_trees1file.nwk; Input files updated by another job: results/selected_clusters/all05_orto1to1; Set of input files has changed since last execution
    wildcards: subset=all05, type=orto1to1
    resources: tmpdir=/tmp

[Thu Jan 19 16:13:46 2023]
Finished job 2.
5 of 8 steps (62%) done
Select jobs to execute...

[Thu Jan 19 16:13:46 2023]
rule build_consensus:
    input: results/all05_orto1to1_trees1file.nwk
    output: results/all05_orto1to1_consensus.nwk
    jobid: 7
    reason: Missing output files: results/all05_orto1to1_consensus.nwk; Input files updated by another job: results/all05_orto1to1_trees1file.nwk
    wildcards: subset=all05, type=orto1to1
    resources: tmpdir=/tmp

[Thu Jan 19 16:13:46 2023]
rule build_supertree:
    input: results/all05_orto1to1_trees1file.nwk
    output: results/all05_orto1to1_supertree.nwk
    jobid: 1
    reason: Missing output files: results/all05_orto1to1_supertree.nwk; Input files updated by another job: results/all05_orto1to1_trees1file.nwk
    wildcards: subset=all05, type=orto1to1
    resources: tmpdir=/tmp

[Thu Jan 19 16:13:47 2023]
Finished job 7.
6 of 8 steps (75%) done
[Thu Jan 19 16:13:47 2023]
Finished job 1.
7 of 8 steps (88%) done
Select jobs to execute...

[Thu Jan 19 16:13:47 2023]
localrule all:
    input: results/all05_orto1to1_supertree.nwk, results/all05_orto1to1_consensus.nwk
    jobid: 0
    reason: Input files updated by another job: results/all05_orto1to1_supertree.nwk, results/all05_orto1to1_consensus.nwk
    resources: tmpdir=/tmp

[Thu Jan 19 16:13:47 2023]
Finished job 0.
8 of 8 steps (100%) done
Complete log: .snakemake/log/2023-01-19T161105.893705.snakemake.log
