Building DAG of jobs...
Using shell: /usr/bin/bash
Provided cores: 8
Rules claiming more threads will be scaled down.
Job stats:
job                count    min threads    max threads
---------------  -------  -------------  -------------
all                    1              1              1
bootstrap              1              1              1
build_supertree        1              1              1
trees2onefile          1              1              1
total                  4              1              1

Select jobs to execute...

[Sat Jan 21 00:37:05 2023]
rule bootstrap:
    input: results/msa_results/all05_para15.400, results/nj_trees/all05_para15.400
    output: results/nj_trees_bootstrap/all05_para15.400
    jobid: 3
    reason: Missing output files: results/nj_trees_bootstrap/all05_para15.400
    wildcards: subset=all05, type=para15.400
    resources: tmpdir=/tmp

[Sat Jan 21 02:17:38 2023]
Finished job 3.
1 of 4 steps (25%) done
Select jobs to execute...

[Sat Jan 21 02:17:38 2023]
rule trees2onefile:
    input: results/nj_trees_bootstrap/all05_para15.400
    output: results/final/all05_para15.400_b_trees1file.nwk
    jobid: 2
    reason: Missing output files: results/final/all05_para15.400_b_trees1file.nwk; Input files updated by another job: results/nj_trees_bootstrap/all05_para15.400
    wildcards: subset=all05, type=para15.400, bootstrap=b
    resources: tmpdir=/tmp

[Sat Jan 21 02:17:39 2023]
Finished job 2.
2 of 4 steps (50%) done
Select jobs to execute...

[Sat Jan 21 02:17:39 2023]
rule build_supertree:
    input: results/final/all05_para15.400_b_trees1file.nwk
    output: results/final/all05_para15.400_b_supertree.nwk
    jobid: 1
    reason: Missing output files: results/final/all05_para15.400_b_supertree.nwk; Input files updated by another job: results/final/all05_para15.400_b_trees1file.nwk
    wildcards: subset=all05, type=para15.400, bootstrap=b
    resources: tmpdir=/tmp

[Sat Jan 21 02:17:51 2023]
Finished job 1.
3 of 4 steps (75%) done
Select jobs to execute...

[Sat Jan 21 02:17:51 2023]
localrule all:
    input: results/final/all05_para15.400_b_supertree.nwk
    jobid: 0
    reason: Input files updated by another job: results/final/all05_para15.400_b_supertree.nwk
    resources: tmpdir=/tmp

[Sat Jan 21 02:17:51 2023]
Finished job 0.
4 of 4 steps (100%) done
Complete log: .snakemake/log/2023-01-21T003705.358254.snakemake.log
