Building DAG of jobs...
Using shell: /usr/bin/bash
Provided cores: 8
Rules claiming more threads will be scaled down.
Job stats:
job                count    min threads    max threads
---------------  -------  -------------  -------------
all                    1              1              1
build_supertree        1              1              1
build_trees            1              1              1
run_mmseq2             1              1              1
save_to_onefile        1              1              1
select_clusters        1              1              1
trees2onefile          1              1              1
total                  7              1              1

Select jobs to execute...

[Sat Jan 21 11:21:44 2023]
rule save_to_onefile:
    input: species/species.txt, results/proteomes_raw/UP000001986.fasta, results/proteomes_raw/UP000002410.fasta, results/proteomes_raw/UP000001412.fasta, results/proteomes_raw/UP000002411.fasta, results/proteomes_raw/UP000000814.fasta, results/proteomes_raw/UP000031866.fasta, results/proteomes_raw/UP000001823.fasta, results/proteomes_raw/UP000001824.fasta, results/proteomes_raw/UP000000818.fasta, results/proteomes_raw/UP000000370.fasta, results/proteomes_raw/UP000001978.fasta, results/proteomes_raw/UP000000269.fasta, results/proteomes_raw/UP000001572.fasta, results/proteomes_raw/UP000019109.fasta, results/proteomes_raw/UP000000256.fasta, results/proteomes_raw/UP000002156.fasta, results/proteomes_raw/UP000000555.fasta, results/proteomes_raw/UP000000417.fasta, results/proteomes_raw/UP000001946.fasta, results/proteomes_raw/UP000001968.fasta, results/proteomes_raw/UP000182811.fasta, results/proteomes_raw/UP000002706.fasta, results/proteomes_raw/UP000001556.fasta, results/proteomes_raw/UP000000423.fasta, results/proteomes_raw/UP000001016.fasta, results/proteomes_raw/UP000000581.fasta, results/proteomes_raw/UP000008816.fasta, results/proteomes_raw/UP000001570.fasta, results/proteomes_raw/UP000001584.fasta, results/proteomes_raw/UP000001973.fasta
    output: results/proteomes/proteomes_withoutClostridiums.fasta
    jobid: 6
    reason: Code has changed since last execution
    wildcards: subset=withoutClostridiums
    resources: tmpdir=/tmp

[Sat Jan 21 11:21:47 2023]
Finished job 6.
1 of 7 steps (14%) done
Select jobs to execute...

[Sat Jan 21 11:21:47 2023]
rule run_mmseq2:
    input: results/proteomes/proteomes_withoutClostridiums.fasta
    output: results/mmseq_res/mmseq_result_withoutClostridiums_all_seqs.fasta
    jobid: 5
    reason: Input files updated by another job: results/proteomes/proteomes_withoutClostridiums.fasta
    wildcards: subset=withoutClostridiums
    resources: tmpdir=/tmp

[Sat Jan 21 11:23:15 2023]
Finished job 5.
2 of 7 steps (29%) done
Select jobs to execute...

[Sat Jan 21 11:23:15 2023]
rule select_clusters:
    input: results/mmseq_res/mmseq_result_withoutClostridiums_all_seqs.fasta
    output: results/selected_clusters/withoutClostridiums_para15.400
    jobid: 4
    reason: Missing output files: results/selected_clusters/withoutClostridiums_para15.400; Input files updated by another job: results/mmseq_res/mmseq_result_withoutClostridiums_all_seqs.fasta
    wildcards: subset=withoutClostridiums, type=para15.400
    resources: tmpdir=/tmp

[Sat Jan 21 11:23:17 2023]
Finished job 4.
3 of 7 steps (43%) done
Select jobs to execute...

[Sat Jan 21 11:23:17 2023]
rule build_trees:
    input: results/selected_clusters/withoutClostridiums_para15.400
    output: results/msa_results/withoutClostridiums_para15.400, results/nj_trees/withoutClostridiums_para15.400
    jobid: 3
    reason: Missing output files: results/nj_trees/withoutClostridiums_para15.400; Input files updated by another job: results/selected_clusters/withoutClostridiums_para15.400
    wildcards: subset=withoutClostridiums, type=para15.400
    resources: tmpdir=/tmp

[Sat Jan 21 11:27:39 2023]
Finished job 3.
4 of 7 steps (57%) done
Select jobs to execute...

[Sat Jan 21 11:27:39 2023]
rule trees2onefile:
    input: results/nj_trees/withoutClostridiums_para15.400
    output: results/final/withoutClostridiums_para15.400_nb_trees1file.nwk
    jobid: 2
    reason: Missing output files: results/final/withoutClostridiums_para15.400_nb_trees1file.nwk; Input files updated by another job: results/nj_trees/withoutClostridiums_para15.400
    wildcards: subset=withoutClostridiums, type=para15.400, bootstrap=nb
    resources: tmpdir=/tmp

[Sat Jan 21 11:27:40 2023]
Finished job 2.
5 of 7 steps (71%) done
Select jobs to execute...

[Sat Jan 21 11:27:40 2023]
rule build_supertree:
    input: results/final/withoutClostridiums_para15.400_nb_trees1file.nwk
    output: results/final/withoutClostridiums_para15.400_nb_supertree.nwk
    jobid: 1
    reason: Missing output files: results/final/withoutClostridiums_para15.400_nb_supertree.nwk; Input files updated by another job: results/final/withoutClostridiums_para15.400_nb_trees1file.nwk
    wildcards: subset=withoutClostridiums, type=para15.400, bootstrap=nb
    resources: tmpdir=/tmp

[Sat Jan 21 11:27:49 2023]
Finished job 1.
6 of 7 steps (86%) done
Select jobs to execute...

[Sat Jan 21 11:27:49 2023]
localrule all:
    input: results/final/withoutClostridiums_para15.400_nb_supertree.nwk
    jobid: 0
    reason: Input files updated by another job: results/final/withoutClostridiums_para15.400_nb_supertree.nwk
    resources: tmpdir=/tmp

[Sat Jan 21 11:27:49 2023]
Finished job 0.
7 of 7 steps (100%) done
Complete log: .snakemake/log/2023-01-21T112144.516074.snakemake.log
