Building DAG of jobs...
Using shell: /usr/bin/bash
Provided cores: 8
Rules claiming more threads will be scaled down.
Job stats:
job                count    min threads    max threads
---------------  -------  -------------  -------------
all                    1              1              1
build_consensus        1              1              1
build_supertree        1              1              1
total                  3              1              1

Select jobs to execute...

[Thu Jan 19 14:34:39 2023]
rule build_supertree:
    input: results/all_orto1to1_trees1file.nwk
    output: results/all_orto1to1_supertree.nwk
    jobid: 7
    reason: Missing output files: results/all_orto1to1_supertree.nwk
    wildcards: subset=all, type=orto1to1
    resources: tmpdir=/tmp


[Thu Jan 19 14:34:39 2023]
rule build_consensus:
    input: results/all_orto1to1_trees1file.nwk
    output: results/all_orto1to1_consensus.nwk
    jobid: 1
    reason: Missing output files: results/all_orto1to1_consensus.nwk
    wildcards: subset=all, type=orto1to1
    resources: tmpdir=/tmp

[Thu Jan 19 14:34:39 2023]
Finished job 1.
1 of 3 steps (33%) done
[Thu Jan 19 14:34:40 2023]
Finished job 7.
2 of 3 steps (67%) done
Select jobs to execute...

[Thu Jan 19 14:34:40 2023]
localrule all:
    input: results/all_orto1to1_consensus.nwk, results/all_orto1to1_supertree.nwk
    jobid: 0
    reason: Input files updated by another job: results/all_orto1to1_supertree.nwk, results/all_orto1to1_consensus.nwk
    resources: tmpdir=/tmp

[Thu Jan 19 14:34:40 2023]
Finished job 0.
3 of 3 steps (100%) done
Complete log: .snakemake/log/2023-01-19T143439.269594.snakemake.log
