Building DAG of jobs...
Using shell: /usr/bin/bash
Provided cores: 8
Rules claiming more threads will be scaled down.
Job stats:
job                count    min threads    max threads
---------------  -------  -------------  -------------
all                    1              1              1
build_consensus        1              1              1
build_supertree        1              1              1
build_trees            1              1              1
run_mmseq2             1              1              1
save_to_onefile        1              1              1
select_clusters        1              1              1
total                  7              1              1

Select jobs to execute...

[Thu Jan 19 16:00:38 2023]
rule save_to_onefile:
    input: species/species.txt, proteomes_raw/UP000001986.fasta, proteomes_raw/UP000002410.fasta, proteomes_raw/UP000001412.fasta, proteomes_raw/UP000002411.fasta, proteomes_raw/UP000000814.fasta, proteomes_raw/UP000031866.fasta, proteomes_raw/UP000001823.fasta, proteomes_raw/UP000001824.fasta, proteomes_raw/UP000000818.fasta, proteomes_raw/UP000000370.fasta, proteomes_raw/UP000001978.fasta, proteomes_raw/UP000000269.fasta, proteomes_raw/UP000001572.fasta, proteomes_raw/UP000019109.fasta, proteomes_raw/UP000000256.fasta, proteomes_raw/UP000002156.fasta, proteomes_raw/UP000000555.fasta, proteomes_raw/UP000000417.fasta, proteomes_raw/UP000001946.fasta, proteomes_raw/UP000001968.fasta, proteomes_raw/UP000182811.fasta, proteomes_raw/UP000002706.fasta, proteomes_raw/UP000001556.fasta, proteomes_raw/UP000000423.fasta, proteomes_raw/UP000001016.fasta, proteomes_raw/UP000000581.fasta, proteomes_raw/UP000008816.fasta, proteomes_raw/UP000001570.fasta, proteomes_raw/UP000001584.fasta, proteomes_raw/UP000001973.fasta
    output: proteomes/proteomes_all05.fasta
    jobid: 5
    reason: Missing output files: proteomes/proteomes_all05.fasta
    wildcards: subset=all05
    resources: tmpdir=/tmp

[Thu Jan 19 16:00:40 2023]
Finished job 5.
1 of 7 steps (14%) done
Select jobs to execute...

[Thu Jan 19 16:00:40 2023]
rule run_mmseq2:
    input: proteomes/proteomes_all05.fasta
    output: mmseq_res/mmseq_result_all05_all_seqs.fasta
    jobid: 4
    reason: Missing output files: mmseq_res/mmseq_result_all05_all_seqs.fasta; Input files updated by another job: proteomes/proteomes_all05.fasta
    wildcards: subset=all05
    resources: tmpdir=/tmp

[Thu Jan 19 16:02:15 2023]
Finished job 4.
2 of 7 steps (29%) done
Select jobs to execute...

[Thu Jan 19 16:02:15 2023]
rule select_clusters:
    input: mmseq_res/mmseq_result_all05_all_seqs.fasta
    output: selected_clusters/all05_orto1to1
    jobid: 3
    reason: Missing output files: selected_clusters/all05_orto1to1; Input files updated by another job: mmseq_res/mmseq_result_all05_all_seqs.fasta
    wildcards: subset=all05, type=orto1to1
    resources: tmpdir=/tmp

[Thu Jan 19 16:02:16 2023]
Finished job 3.
3 of 7 steps (43%) done
Select jobs to execute...

[Thu Jan 19 16:02:16 2023]
rule build_trees:
    input: selected_clusters/all05_orto1to1
    output: results/all05_orto1to1_trees1file.nwk
    jobid: 2
    reason: Missing output files: results/all05_orto1to1_trees1file.nwk; Input files updated by another job: selected_clusters/all05_orto1to1
    wildcards: subset=all05, type=orto1to1
    resources: tmpdir=/tmp

[Thu Jan 19 16:02:33 2023]
Finished job 2.
4 of 7 steps (57%) done
Select jobs to execute...

[Thu Jan 19 16:02:34 2023]
rule build_consensus:
    input: results/all05_orto1to1_trees1file.nwk
    output: results/all05_orto1to1_consensus.nwk
    jobid: 7
    reason: Missing output files: results/all05_orto1to1_consensus.nwk; Input files updated by another job: results/all05_orto1to1_trees1file.nwk
    wildcards: subset=all05, type=orto1to1
    resources: tmpdir=/tmp

[Thu Jan 19 16:02:34 2023]
rule build_supertree:
    input: results/all05_orto1to1_trees1file.nwk
    output: results/all05_orto1to1_supertree.nwk
    jobid: 1
    reason: Missing output files: results/all05_orto1to1_supertree.nwk; Input files updated by another job: results/all05_orto1to1_trees1file.nwk
    wildcards: subset=all05, type=orto1to1
    resources: tmpdir=/tmp

[Thu Jan 19 16:02:34 2023]
Finished job 1.
5 of 7 steps (71%) done
[Thu Jan 19 16:02:34 2023]
Finished job 7.
6 of 7 steps (86%) done
Select jobs to execute...

[Thu Jan 19 16:02:34 2023]
localrule all:
    input: results/all05_orto1to1_supertree.nwk, results/all05_orto1to1_consensus.nwk
    jobid: 0
    reason: Input files updated by another job: results/all05_orto1to1_supertree.nwk, results/all05_orto1to1_consensus.nwk
    resources: tmpdir=/tmp

[Thu Jan 19 16:02:34 2023]
Finished job 0.
7 of 7 steps (100%) done
Complete log: .snakemake/log/2023-01-19T160038.446026.snakemake.log
