Building DAG of jobs...
Using shell: /usr/bin/bash
Provided cores: 8
Rules claiming more threads will be scaled down.
Job stats:
job                count    min threads    max threads
---------------  -------  -------------  -------------
all                    1              1              1
build_supertree        1              1              1
build_trees            1              1              1
select_clusters        1              1              1
trees2onefile          1              1              1
total                  5              1              1

Select jobs to execute...

[Sun Jan 22 16:18:49 2023]
rule select_clusters:
    input: results/mmseq_res/mmseq_result_all05_all_seqs.fasta
    output: results/selected_clusters/all05_para20.200.03
    jobid: 4
    reason: Missing output files: results/selected_clusters/all05_para20.200.03
    wildcards: subset=all05, type=para20.200.03
    resources: tmpdir=/tmp

[Sun Jan 22 16:18:57 2023]
Finished job 4.
1 of 5 steps (20%) done
Select jobs to execute...

[Sun Jan 22 16:18:57 2023]
rule build_trees:
    input: results/selected_clusters/all05_para20.200.03
    output: results/msa_results/all05_para20.200.03, results/nj_trees/all05_para20.200.03
    jobid: 3
    reason: Missing output files: results/nj_trees/all05_para20.200.03; Input files updated by another job: results/selected_clusters/all05_para20.200.03
    wildcards: subset=all05, type=para20.200.03
    resources: tmpdir=/tmp

[Sun Jan 22 16:27:02 2023]
Finished job 3.
2 of 5 steps (40%) done
Select jobs to execute...

[Sun Jan 22 16:27:02 2023]
rule trees2onefile:
    input: results/nj_trees/all05_para20.200.03
    output: results/final/all05_para20.200.03_nb_trees1file.nwk
    jobid: 2
    reason: Missing output files: results/final/all05_para20.200.03_nb_trees1file.nwk; Input files updated by another job: results/nj_trees/all05_para20.200.03
    wildcards: subset=all05, type=para20.200.03, bootstrap=nb
    resources: tmpdir=/tmp

[Sun Jan 22 16:27:02 2023]
Finished job 2.
3 of 5 steps (60%) done
Select jobs to execute...

[Sun Jan 22 16:27:02 2023]
rule build_supertree:
    input: results/final/all05_para20.200.03_nb_trees1file.nwk
    output: results/final/all05_para20.200.03_nb_supertree.nwk
    jobid: 1
    reason: Missing output files: results/final/all05_para20.200.03_nb_supertree.nwk; Input files updated by another job: results/final/all05_para20.200.03_nb_trees1file.nwk
    wildcards: subset=all05, type=para20.200.03, bootstrap=nb
    resources: tmpdir=/tmp

[Sun Jan 22 16:27:23 2023]
Finished job 1.
4 of 5 steps (80%) done
Select jobs to execute...

[Sun Jan 22 16:27:23 2023]
localrule all:
    input: results/final/all05_para20.200.03_nb_supertree.nwk
    jobid: 0
    reason: Input files updated by another job: results/final/all05_para20.200.03_nb_supertree.nwk
    resources: tmpdir=/tmp

[Sun Jan 22 16:27:23 2023]
Finished job 0.
5 of 5 steps (100%) done
Complete log: .snakemake/log/2023-01-22T161849.387511.snakemake.log
