Building DAG of jobs...
Using shell: /usr/bin/bash
Provided cores: 8
Rules claiming more threads will be scaled down.
Job stats:
job                count    min threads    max threads
---------------  -------  -------------  -------------
all                    1              1              1
build_consensus        1              1              1
total                  2              1              1

Select jobs to execute...

[Fri Jan 20 18:53:27 2023]
rule build_consensus:
    input: results/final/withoutClostridiums_orto1to1_nb_trees1file.nwk
    output: results/final/withoutClostridiums_orto1to1_nb_consensus.nwk
    jobid: 8
    reason: Missing output files: results/final/withoutClostridiums_orto1to1_nb_consensus.nwk
    wildcards: subset=withoutClostridiums, type=orto1to1, bootstrap=nb
    resources: tmpdir=/tmp

[Fri Jan 20 18:53:27 2023]
Finished job 8.
1 of 2 steps (50%) done
Select jobs to execute...

[Fri Jan 20 18:53:27 2023]
localrule all:
    input: results/final/withoutClostridiums_orto1to1_nb_supertree.nwk, results/final/withoutClostridiums_orto1to1_nb_consensus.nwk
    jobid: 0
    reason: Input files updated by another job: results/final/withoutClostridiums_orto1to1_nb_consensus.nwk
    resources: tmpdir=/tmp

[Fri Jan 20 18:53:27 2023]
Finished job 0.
2 of 2 steps (100%) done
Complete log: .snakemake/log/2023-01-20T185326.816851.snakemake.log
