Building DAG of jobs...
Using shell: /usr/bin/bash
Provided cores: 8
Rules claiming more threads will be scaled down.
Job stats:
job                count    min threads    max threads
---------------  -------  -------------  -------------
all                    1              1              1
bootstrap              1              1              1
build_consensus        1              1              1
build_supertree        1              1              1
trees2onefile          1              1              1
total                  5              1              1

Select jobs to execute...

[Fri Jan 20 19:13:55 2023]
rule bootstrap:
    input: results/msa_results/all05_orto1to1random, results/nj_trees/all05_orto1to1random
    output: results/nj_trees_bootstrap/all05_orto1to1random
    jobid: 3
    reason: Missing output files: results/nj_trees_bootstrap/all05_orto1to1random
    wildcards: subset=all05, type=orto1to1random
    resources: tmpdir=/tmp

[Fri Jan 20 19:21:52 2023]
Finished job 3.
1 of 5 steps (20%) done
Select jobs to execute...

[Fri Jan 20 19:21:52 2023]
rule trees2onefile:
    input: results/nj_trees_bootstrap/all05_orto1to1random
    output: results/final/all05_orto1to1random_b_trees1file.nwk
    jobid: 2
    reason: Missing output files: results/final/all05_orto1to1random_b_trees1file.nwk; Input files updated by another job: results/nj_trees_bootstrap/all05_orto1to1random
    wildcards: subset=all05, type=orto1to1random, bootstrap=b
    resources: tmpdir=/tmp

[Fri Jan 20 19:21:52 2023]
Finished job 2.
2 of 5 steps (40%) done
Select jobs to execute...

[Fri Jan 20 19:21:52 2023]
rule build_consensus:
    input: results/final/all05_orto1to1random_b_trees1file.nwk
    output: results/final/all05_orto1to1random_b_consensus.nwk
    jobid: 9
    reason: Missing output files: results/final/all05_orto1to1random_b_consensus.nwk; Input files updated by another job: results/final/all05_orto1to1random_b_trees1file.nwk
    wildcards: subset=all05, type=orto1to1random, bootstrap=b
    resources: tmpdir=/tmp

[Fri Jan 20 19:21:52 2023]
rule build_supertree:
    input: results/final/all05_orto1to1random_b_trees1file.nwk
    output: results/final/all05_orto1to1random_b_supertree.nwk
    jobid: 1
    reason: Missing output files: results/final/all05_orto1to1random_b_supertree.nwk; Input files updated by another job: results/final/all05_orto1to1random_b_trees1file.nwk
    wildcards: subset=all05, type=orto1to1random, bootstrap=b
    resources: tmpdir=/tmp

[Fri Jan 20 19:21:53 2023]
Finished job 9.
3 of 5 steps (60%) done
[Fri Jan 20 19:21:53 2023]
Finished job 1.
4 of 5 steps (80%) done
Select jobs to execute...

[Fri Jan 20 19:21:53 2023]
localrule all:
    input: results/final/all05_orto1to1random_b_supertree.nwk, results/final/all05_orto1to1random_b_consensus.nwk
    jobid: 0
    reason: Input files updated by another job: results/final/all05_orto1to1random_b_consensus.nwk, results/final/all05_orto1to1random_b_supertree.nwk
    resources: tmpdir=/tmp

[Fri Jan 20 19:21:53 2023]
Finished job 0.
5 of 5 steps (100%) done
Complete log: .snakemake/log/2023-01-20T191354.903892.snakemake.log
