Building DAG of jobs...
Using shell: /usr/bin/bash
Provided cores: 8
Rules claiming more threads will be scaled down.
Job stats:
job                count    min threads    max threads
---------------  -------  -------------  -------------
all                    1              1              1
bootstrap              1              1              1
build_consensus        1              1              1
build_supertree        1              1              1
trees2onefile          1              1              1
total                  5              1              1

Select jobs to execute...

[Fri Jan 20 14:10:16 2023]
rule bootstrap:
    input: results/msa_results/all05_orto1to1, results/nj_trees/all05_orto1to1
    output: results/nj_trees_bootstrap/all05_orto1to1
    jobid: 3
    reason: Missing output files: results/nj_trees_bootstrap/all05_orto1to1
    wildcards: subset=all05, type=orto1to1
    resources: tmpdir=/tmp

[Fri Jan 20 14:10:17 2023]
Finished job 3.
1 of 5 steps (20%) done
Select jobs to execute...

[Fri Jan 20 14:10:17 2023]
rule trees2onefile:
    input: results/nj_trees_bootstrap/all05_orto1to1
    output: results/all05_orto1to1_b_trees1file.nwk
    jobid: 2
    reason: Missing output files: results/all05_orto1to1_b_trees1file.nwk; Input files updated by another job: results/nj_trees_bootstrap/all05_orto1to1
    wildcards: subset=all05, type=orto1to1, bootstrap=b
    resources: tmpdir=/tmp

[Fri Jan 20 14:10:17 2023]
Finished job 2.
2 of 5 steps (40%) done
Select jobs to execute...

[Fri Jan 20 14:10:17 2023]
rule build_consensus:
    input: results/all05_orto1to1_b_trees1file.nwk
    output: results/all05_orto1to1_b_consensus.nwk
    jobid: 9
    reason: Missing output files: results/all05_orto1to1_b_consensus.nwk; Input files updated by another job: results/all05_orto1to1_b_trees1file.nwk
    wildcards: subset=all05, type=orto1to1, bootstrap=b
    resources: tmpdir=/tmp

[Fri Jan 20 14:10:17 2023]
rule build_supertree:
    input: results/all05_orto1to1_b_trees1file.nwk
    output: results/all05_orto1to1_b_supertree.nwk
    jobid: 1
    reason: Missing output files: results/all05_orto1to1_b_supertree.nwk; Input files updated by another job: results/all05_orto1to1_b_trees1file.nwk
    wildcards: subset=all05, type=orto1to1, bootstrap=b
    resources: tmpdir=/tmp

[Fri Jan 20 14:10:17 2023]
Error in rule build_supertree:
    jobid: 1
    input: results/all05_orto1to1_b_trees1file.nwk
    output: results/all05_orto1to1_b_supertree.nwk
    shell:
        
        sed 's/;//' results/all05_orto1to1_b_trees1file.nwk > results/all05_orto1to1_b_trees1file.nwk_temp
        var=$(fasturec -G results/all05_orto1to1_b_trees1file.nwk_temp -Z | tail -1 | cut -d"-" -f2 | cut -d" " -f1)
        head -n 1 $var | cut -d' ' -f2 > results/all05_orto1to1_b_supertree.nwk
        rm $var
        rm results/all05_orto1to1_b_trees1file.nwk_temp
        
        (one of the commands exited with non-zero exit code; note that snakemake uses bash strict mode!)

Removing output files of failed job build_supertree since they might be corrupted:
results/all05_orto1to1_b_supertree.nwk
[Fri Jan 20 14:10:18 2023]
Error in rule build_consensus:
    jobid: 9
    input: results/all05_orto1to1_b_trees1file.nwk
    output: results/all05_orto1to1_b_consensus.nwk

RuleException:
CalledProcessError in file /home/ola/GENOMIKA/genomics_project/Snakefile, line 130:
Command 'set -euo pipefail;  Rscript --vanilla /home/ola/GENOMIKA/genomics_project/.snakemake/scripts/tmp8_ahmykq.get_consensus.R' returned non-zero exit status 1.
  File "/home/ola/GENOMIKA/genomics_project/Snakefile", line 130, in __rule_build_consensus
  File "/home/ola/miniconda3/envs/tsg/lib/python3.10/concurrent/futures/thread.py", line 58, in run
Shutting down, this might take some time.
Exiting because a job execution failed. Look above for error message
Complete log: .snakemake/log/2023-01-20T141016.175990.snakemake.log
