Building DAG of jobs...
Using shell: /usr/bin/bash
Provided cores: 8
Rules claiming more threads will be scaled down.
Job stats:
job                count    min threads    max threads
---------------  -------  -------------  -------------
all                    1              1              1
build_supertree        1              1              1
total                  2              1              1

Select jobs to execute...

[Thu Jan 19 17:10:50 2023]
rule build_supertree:
    input: results/all05_orto10random_trees1file.nwk
    output: results/all05_orto10random_supertree.nwk
    jobid: 1
    reason: Missing output files: results/all05_orto10random_supertree.nwk
    wildcards: subset=all05, type=orto10random
    resources: tmpdir=/tmp

[Thu Jan 19 17:11:03 2023]
Finished job 1.
1 of 2 steps (50%) done
Select jobs to execute...

[Thu Jan 19 17:11:03 2023]
localrule all:
    input: results/all05_orto10random_supertree.nwk
    jobid: 0
    reason: Input files updated by another job: results/all05_orto10random_supertree.nwk
    resources: tmpdir=/tmp

[Thu Jan 19 17:11:03 2023]
Finished job 0.
2 of 2 steps (100%) done
Complete log: .snakemake/log/2023-01-19T171050.560244.snakemake.log
