The flag 'directory' used in rule build_trees is only valid for outputs, not inputs.
Building DAG of jobs...
Using shell: /usr/bin/bash
Provided cores: 8
Rules claiming more threads will be scaled down.
Job stats:
job                count    min threads    max threads
---------------  -------  -------------  -------------
all                    1              1              1
build_consensus        1              1              1
build_supertree        1              1              1
build_trees            1              1              1
select_clusters        1              1              1
total                  5              1              1

Select jobs to execute...

[Thu Jan 19 13:29:28 2023]
rule select_clusters:
    input: mmseq_res/mmseq_result_all_all_seqs.fasta
    output: selected_clusters/all_orto1to1
    jobid: 3
    reason: Missing output files: selected_clusters/all_orto1to1
    wildcards: subset=all, type=orto1to1
    resources: tmpdir=/tmp

[Thu Jan 19 13:29:29 2023]
Finished job 3.
1 of 5 steps (20%) done
Select jobs to execute...

[Thu Jan 19 13:29:29 2023]
rule build_trees:
    input: selected_clusters/all_orto1to1
    output: results/all_orto1to1_trees1file.nwk
    jobid: 2
    reason: Missing output files: results/all_orto1to1_trees1file.nwk; Input files updated by another job: selected_clusters/all_orto1to1
    wildcards: subset=all, type=orto1to1
    resources: tmpdir=/tmp

[Thu Jan 19 13:29:43 2023]
Finished job 2.
2 of 5 steps (40%) done
Select jobs to execute...

[Thu Jan 19 13:29:43 2023]
rule build_supertree:
    input: results/all_orto1to1_trees1file.nwk
    output: results/all_orto1to1_supertree.nwk
    jobid: 7
    reason: Missing output files: results/all_orto1to1_supertree.nwk; Input files updated by another job: results/all_orto1to1_trees1file.nwk
    wildcards: subset=all, type=orto1to1
    resources: tmpdir=/tmp


[Thu Jan 19 13:29:43 2023]
rule build_consensus:
    input: results/all_orto1to1_trees1file.nwk
    output: results/all_orto1to1_consensus.nwk
    jobid: 1
    reason: Missing output files: results/all_orto1to1_consensus.nwk; Input files updated by another job: results/all_orto1to1_trees1file.nwk
    wildcards: subset=all, type=orto1to1
    resources: tmpdir=/tmp

[Thu Jan 19 13:29:43 2023]
Finished job 1.
3 of 5 steps (60%) done
[Thu Jan 19 13:29:44 2023]
Finished job 7.
4 of 5 steps (80%) done
Select jobs to execute...

[Thu Jan 19 13:29:44 2023]
localrule all:
    input: results/all_orto1to1_consensus.nwk, results/all_orto1to1_supertree.nwk
    jobid: 0
    reason: Input files updated by another job: results/all_orto1to1_supertree.nwk, results/all_orto1to1_consensus.nwk
    resources: tmpdir=/tmp

[Thu Jan 19 13:29:44 2023]
Finished job 0.
5 of 5 steps (100%) done
Complete log: .snakemake/log/2023-01-19T132927.989038.snakemake.log
