Building DAG of jobs...
Using shell: /usr/bin/bash
Provided cores: 8
Rules claiming more threads will be scaled down.
Job stats:
job                count    min threads    max threads
---------------  -------  -------------  -------------
all                    1              1              1
build_consensus        1              1              1
build_supertree        1              1              1
build_trees            1              1              1
run_mmseq2             1              1              1
save_to_onefile        1              1              1
select_clusters        1              1              1
total                  7              1              1

Select jobs to execute...

[Thu Jan 19 16:43:17 2023]
rule save_to_onefile:
    input: species/species.txt, results/proteomes_raw/UP000001986.fasta, results/proteomes_raw/UP000002410.fasta, results/proteomes_raw/UP000001412.fasta, results/proteomes_raw/UP000002411.fasta, results/proteomes_raw/UP000000814.fasta, results/proteomes_raw/UP000031866.fasta, results/proteomes_raw/UP000001823.fasta, results/proteomes_raw/UP000001824.fasta, results/proteomes_raw/UP000000818.fasta, results/proteomes_raw/UP000000370.fasta, results/proteomes_raw/UP000001978.fasta, results/proteomes_raw/UP000000269.fasta, results/proteomes_raw/UP000001572.fasta, results/proteomes_raw/UP000019109.fasta, results/proteomes_raw/UP000000256.fasta, results/proteomes_raw/UP000002156.fasta, results/proteomes_raw/UP000000555.fasta, results/proteomes_raw/UP000000417.fasta, results/proteomes_raw/UP000001946.fasta, results/proteomes_raw/UP000001968.fasta, results/proteomes_raw/UP000182811.fasta, results/proteomes_raw/UP000002706.fasta, results/proteomes_raw/UP000001556.fasta, results/proteomes_raw/UP000000423.fasta, results/proteomes_raw/UP000001016.fasta, results/proteomes_raw/UP000000581.fasta, results/proteomes_raw/UP000008816.fasta, results/proteomes_raw/UP000001570.fasta, results/proteomes_raw/UP000001584.fasta, results/proteomes_raw/UP000001973.fasta
    output: results/proteomes/proteomes_all05_orto1to1.fasta
    jobid: 5
    reason: Missing output files: results/proteomes/proteomes_all05_orto1to1.fasta
    wildcards: subset=all05_orto1to1
    resources: tmpdir=/tmp

[Thu Jan 19 16:43:18 2023]
Finished job 5.
1 of 7 steps (14%) done
Select jobs to execute...

[Thu Jan 19 16:43:18 2023]
rule run_mmseq2:
    input: results/proteomes/proteomes_all05_orto1to1.fasta
    output: results/mmseq_res/mmseq_result_all05_orto1to1_all_seqs.fasta
    jobid: 4
    reason: Missing output files: results/mmseq_res/mmseq_result_all05_orto1to1_all_seqs.fasta; Input files updated by another job: results/proteomes/proteomes_all05_orto1to1.fasta
    wildcards: subset=all05_orto1to1
    resources: tmpdir=/tmp

Terminating processes on user request, this might take some time.
[Thu Jan 19 16:43:28 2023]
Error in rule run_mmseq2:
    jobid: 4
    input: results/proteomes/proteomes_all05_orto1to1.fasta
    output: results/mmseq_res/mmseq_result_all05_orto1to1_all_seqs.fasta
    shell:
        mmseqs easy-cluster results/proteomes/proteomes_all05_orto1to1.fasta results/mmseq_res/mmseq_result_all05_orto1to1 tmp -c 0.5
        (one of the commands exited with non-zero exit code; note that snakemake uses bash strict mode!)

Complete log: .snakemake/log/2023-01-19T164317.630224.snakemake.log
