Building DAG of jobs...
Using shell: /usr/bin/bash
Provided cores: 8
Rules claiming more threads will be scaled down.
Job stats:
job                count    min threads    max threads
---------------  -------  -------------  -------------
all                    1              1              1
build_consensus        1              1              1
build_supertree        1              1              1
build_trees            1              1              1
select_clusters        1              1              1
trees2onefile          1              1              1
total                  6              1              1

Select jobs to execute...

[Sat Jan 21 00:09:35 2023]
rule select_clusters:
    input: results/mmseq_res/mmseq_result_without1therarest_all_seqs.fasta
    output: results/selected_clusters/without1therarest_orto15
    jobid: 4
    reason: Missing output files: results/selected_clusters/without1therarest_orto15
    wildcards: subset=without1therarest, type=orto15
    resources: tmpdir=/tmp

[Sat Jan 21 00:09:36 2023]
Finished job 4.
1 of 6 steps (17%) done
Select jobs to execute...

[Sat Jan 21 00:09:36 2023]
rule build_trees:
    input: results/selected_clusters/without1therarest_orto15
    output: results/msa_results/without1therarest_orto15, results/nj_trees/without1therarest_orto15
    jobid: 3
    reason: Missing output files: results/nj_trees/without1therarest_orto15; Input files updated by another job: results/selected_clusters/without1therarest_orto15
    wildcards: subset=without1therarest, type=orto15
    resources: tmpdir=/tmp

[Sat Jan 21 00:10:23 2023]
Finished job 3.
2 of 6 steps (33%) done
Select jobs to execute...

[Sat Jan 21 00:10:23 2023]
rule trees2onefile:
    input: results/nj_trees/without1therarest_orto15
    output: results/final/without1therarest_orto15_nb_trees1file.nwk
    jobid: 2
    reason: Missing output files: results/final/without1therarest_orto15_nb_trees1file.nwk; Input files updated by another job: results/nj_trees/without1therarest_orto15
    wildcards: subset=without1therarest, type=orto15, bootstrap=nb
    resources: tmpdir=/tmp

[Sat Jan 21 00:10:23 2023]
Finished job 2.
3 of 6 steps (50%) done
Select jobs to execute...

[Sat Jan 21 00:10:23 2023]
rule build_consensus:
    input: results/final/without1therarest_orto15_nb_trees1file.nwk
    output: results/final/without1therarest_orto15_nb_consensus.nwk
    jobid: 8
    reason: Missing output files: results/final/without1therarest_orto15_nb_consensus.nwk; Input files updated by another job: results/final/without1therarest_orto15_nb_trees1file.nwk
    wildcards: subset=without1therarest, type=orto15, bootstrap=nb
    resources: tmpdir=/tmp

[Sat Jan 21 00:10:23 2023]
rule build_supertree:
    input: results/final/without1therarest_orto15_nb_trees1file.nwk
    output: results/final/without1therarest_orto15_nb_supertree.nwk
    jobid: 1
    reason: Missing output files: results/final/without1therarest_orto15_nb_supertree.nwk; Input files updated by another job: results/final/without1therarest_orto15_nb_trees1file.nwk
    wildcards: subset=without1therarest, type=orto15, bootstrap=nb
    resources: tmpdir=/tmp

[Sat Jan 21 00:10:24 2023]
Error in rule build_consensus:
    jobid: 8
    input: results/final/without1therarest_orto15_nb_trees1file.nwk
    output: results/final/without1therarest_orto15_nb_consensus.nwk

RuleException:
CalledProcessError in file /home/ola/GENOMIKA/genomics_project/Snakefile, line 148:
Command 'set -euo pipefail;  Rscript --vanilla /home/ola/GENOMIKA/genomics_project/.snakemake/scripts/tmp6z24uwkc.get_consensus.R' returned non-zero exit status 1.
  File "/home/ola/GENOMIKA/genomics_project/Snakefile", line 148, in __rule_build_consensus
  File "/home/ola/miniconda3/envs/tsg/lib/python3.10/concurrent/futures/thread.py", line 58, in run
[Sat Jan 21 00:10:26 2023]
Finished job 1.
4 of 6 steps (67%) done
Shutting down, this might take some time.
Exiting because a job execution failed. Look above for error message
Complete log: .snakemake/log/2023-01-21T000935.044890.snakemake.log
