Building DAG of jobs...
Using shell: /usr/bin/bash
Provided cores: 8
Rules claiming more threads will be scaled down.
Job stats:
job                count    min threads    max threads
---------------  -------  -------------  -------------
all                    1              1              1
build_supertree        1              1              1
build_trees            1              1              1
total                  3              1              1

Select jobs to execute...

[Thu Jan 19 17:19:59 2023]
rule build_trees:
    input: results/selected_clusters/all05_orto10random
    output: results/all05_orto10random_trees1file.nwk
    jobid: 2
    reason: Missing output files: results/all05_orto10random_trees1file.nwk
    wildcards: subset=all05, type=orto10random
    resources: tmpdir=/tmp

[Thu Jan 19 17:23:20 2023]
Finished job 2.
1 of 3 steps (33%) done
Select jobs to execute...

[Thu Jan 19 17:23:20 2023]
rule build_supertree:
    input: results/all05_orto10random_trees1file.nwk
    output: results/all05_orto10random_supertree.nwk
    jobid: 1
    reason: Missing output files: results/all05_orto10random_supertree.nwk; Input files updated by another job: results/all05_orto10random_trees1file.nwk
    wildcards: subset=all05, type=orto10random
    resources: tmpdir=/tmp

[Thu Jan 19 17:23:35 2023]
Finished job 1.
2 of 3 steps (67%) done
Select jobs to execute...

[Thu Jan 19 17:23:35 2023]
localrule all:
    input: results/all05_orto10random_supertree.nwk
    jobid: 0
    reason: Input files updated by another job: results/all05_orto10random_supertree.nwk
    resources: tmpdir=/tmp

[Thu Jan 19 17:23:35 2023]
Finished job 0.
3 of 3 steps (100%) done
Complete log: .snakemake/log/2023-01-19T171959.586919.snakemake.log
