Building DAG of jobs...
Using shell: /usr/bin/bash
Provided cores: 8
Rules claiming more threads will be scaled down.
Job stats:
job                count    min threads    max threads
---------------  -------  -------------  -------------
all                    1              1              1
build_consensus        1              1              1
build_supertree        1              1              1
build_trees            1              1              1
select_clusters        1              1              1
trees2onefile          1              1              1
total                  6              1              1

Select jobs to execute...

[Fri Jan 20 23:14:47 2023]
rule select_clusters:
    input: results/mmseq_res/mmseq_result_without2therarest_all_seqs.fasta
    output: results/selected_clusters/without2therarest_orto1to1random
    jobid: 4
    reason: Missing output files: results/selected_clusters/without2therarest_orto1to1random
    wildcards: subset=without2therarest, type=orto1to1random
    resources: tmpdir=/tmp

[Fri Jan 20 23:14:48 2023]
Finished job 4.
1 of 6 steps (17%) done
Select jobs to execute...

[Fri Jan 20 23:14:48 2023]
rule build_trees:
    input: results/selected_clusters/without2therarest_orto1to1random
    output: results/msa_results/without2therarest_orto1to1random, results/nj_trees/without2therarest_orto1to1random
    jobid: 3
    reason: Missing output files: results/nj_trees/without2therarest_orto1to1random; Input files updated by another job: results/selected_clusters/without2therarest_orto1to1random
    wildcards: subset=without2therarest, type=orto1to1random
    resources: tmpdir=/tmp

[Fri Jan 20 23:15:31 2023]
Finished job 3.
2 of 6 steps (33%) done
Select jobs to execute...

[Fri Jan 20 23:15:31 2023]
rule trees2onefile:
    input: results/nj_trees/without2therarest_orto1to1random
    output: results/final/without2therarest_orto1to1random_nb_trees1file.nwk
    jobid: 2
    reason: Missing output files: results/final/without2therarest_orto1to1random_nb_trees1file.nwk; Input files updated by another job: results/nj_trees/without2therarest_orto1to1random
    wildcards: subset=without2therarest, type=orto1to1random, bootstrap=nb
    resources: tmpdir=/tmp

[Fri Jan 20 23:15:31 2023]
Finished job 2.
3 of 6 steps (50%) done
Select jobs to execute...

[Fri Jan 20 23:15:31 2023]
rule build_consensus:
    input: results/final/without2therarest_orto1to1random_nb_trees1file.nwk
    output: results/final/without2therarest_orto1to1random_nb_consensus.nwk
    jobid: 8
    reason: Missing output files: results/final/without2therarest_orto1to1random_nb_consensus.nwk; Input files updated by another job: results/final/without2therarest_orto1to1random_nb_trees1file.nwk
    wildcards: subset=without2therarest, type=orto1to1random, bootstrap=nb
    resources: tmpdir=/tmp

[Fri Jan 20 23:15:31 2023]
rule build_supertree:
    input: results/final/without2therarest_orto1to1random_nb_trees1file.nwk
    output: results/final/without2therarest_orto1to1random_nb_supertree.nwk
    jobid: 1
    reason: Missing output files: results/final/without2therarest_orto1to1random_nb_supertree.nwk; Input files updated by another job: results/final/without2therarest_orto1to1random_nb_trees1file.nwk
    wildcards: subset=without2therarest, type=orto1to1random, bootstrap=nb
    resources: tmpdir=/tmp

[Fri Jan 20 23:15:32 2023]
Finished job 8.
4 of 6 steps (67%) done
[Fri Jan 20 23:15:33 2023]
Finished job 1.
5 of 6 steps (83%) done
Select jobs to execute...

[Fri Jan 20 23:15:33 2023]
localrule all:
    input: results/final/without2therarest_orto1to1random_nb_supertree.nwk, results/final/without2therarest_orto1to1random_nb_consensus.nwk
    jobid: 0
    reason: Input files updated by another job: results/final/without2therarest_orto1to1random_nb_supertree.nwk, results/final/without2therarest_orto1to1random_nb_consensus.nwk
    resources: tmpdir=/tmp

[Fri Jan 20 23:15:33 2023]
Finished job 0.
6 of 6 steps (100%) done
Complete log: .snakemake/log/2023-01-20T231447.072338.snakemake.log
