Building DAG of jobs...
Using shell: /usr/bin/bash
Provided cores: 8
Rules claiming more threads will be scaled down.
Job stats:
job                count    min threads    max threads
---------------  -------  -------------  -------------
all                    1              1              1
build_consensus        1              1              1
build_supertree        1              1              1
build_trees            1              1              1
select_clusters        1              1              1
total                  5              1              1

Select jobs to execute...

[Thu Jan 19 16:44:56 2023]
rule select_clusters:
    input: results/mmseq_res/mmseq_result_all05_all_seqs.fasta
    output: results/selected_clusters/all05_orto1to1random
    jobid: 3
    reason: Missing output files: results/selected_clusters/all05_orto1to1random
    wildcards: subset=all05, type=orto1to1random
    resources: tmpdir=/tmp

[Thu Jan 19 16:44:57 2023]
Finished job 3.
1 of 5 steps (20%) done
Select jobs to execute...

[Thu Jan 19 16:44:57 2023]
rule build_trees:
    input: results/selected_clusters/all05_orto1to1random
    output: results/all05_orto1to1random_trees1file.nwk
    jobid: 2
    reason: Missing output files: results/all05_orto1to1random_trees1file.nwk; Input files updated by another job: results/selected_clusters/all05_orto1to1random
    wildcards: subset=all05, type=orto1to1random
    resources: tmpdir=/tmp

[Thu Jan 19 16:45:30 2023]
Finished job 2.
2 of 5 steps (40%) done
Select jobs to execute...

[Thu Jan 19 16:45:30 2023]
rule build_consensus:
    input: results/all05_orto1to1random_trees1file.nwk
    output: results/all05_orto1to1random_consensus.nwk
    jobid: 7
    reason: Missing output files: results/all05_orto1to1random_consensus.nwk; Input files updated by another job: results/all05_orto1to1random_trees1file.nwk
    wildcards: subset=all05, type=orto1to1random
    resources: tmpdir=/tmp

[Thu Jan 19 16:45:30 2023]
rule build_supertree:
    input: results/all05_orto1to1random_trees1file.nwk
    output: results/all05_orto1to1random_supertree.nwk
    jobid: 1
    reason: Missing output files: results/all05_orto1to1random_supertree.nwk; Input files updated by another job: results/all05_orto1to1random_trees1file.nwk
    wildcards: subset=all05, type=orto1to1random
    resources: tmpdir=/tmp

[Thu Jan 19 16:45:31 2023]
Finished job 7.
3 of 5 steps (60%) done
[Thu Jan 19 16:45:32 2023]
Finished job 1.
4 of 5 steps (80%) done
Select jobs to execute...

[Thu Jan 19 16:45:32 2023]
localrule all:
    input: results/all05_orto1to1random_supertree.nwk, results/all05_orto1to1random_consensus.nwk
    jobid: 0
    reason: Input files updated by another job: results/all05_orto1to1random_consensus.nwk, results/all05_orto1to1random_supertree.nwk
    resources: tmpdir=/tmp

[Thu Jan 19 16:45:32 2023]
Finished job 0.
5 of 5 steps (100%) done
Complete log: .snakemake/log/2023-01-19T164456.623837.snakemake.log
