Building DAG of jobs...
Using shell: /usr/bin/bash
Provided cores: 8
Rules claiming more threads will be scaled down.
Job stats:
job                count    min threads    max threads
---------------  -------  -------------  -------------
all                    1              1              1
build_supertree        1              1              1
build_trees            1              1              1
total                  3              1              1

Select jobs to execute...

[Thu Jan 19 17:36:01 2023]
rule build_trees:
    input: results/selected_clusters/all05_para15
    output: results/all05_para15_trees1file.nwk
    jobid: 2
    reason: Missing output files: results/all05_para15_trees1file.nwk
    wildcards: subset=all05, type=para15
    resources: tmpdir=/tmp

Terminating processes on user request, this might take some time.
[Thu Jan 19 17:36:15 2023]
Error in rule build_trees:
    jobid: 2
    input: results/selected_clusters/all05_para15
    output: results/all05_para15_trees1file.nwk

RuleException:
CalledProcessError in file /home/ola/GENOMIKA/genomics_project/Snakefile, line 70:
Command 'set -euo pipefail;  /home/ola/miniconda3/envs/tsg/bin/python3.10 /home/ola/GENOMIKA/genomics_project/.snakemake/scripts/tmpt379glyh.build_trees.py' died with <Signals.SIGINT: 2>.
  File "/home/ola/GENOMIKA/genomics_project/Snakefile", line 70, in __rule_build_trees
  File "/home/ola/miniconda3/envs/tsg/lib/python3.10/concurrent/futures/thread.py", line 58, in run
Complete log: .snakemake/log/2023-01-19T173601.032243.snakemake.log
