The flag 'directory' used in rule build_trees is only valid for outputs, not inputs.
Building DAG of jobs...
Using shell: /usr/bin/bash
Provided cores: 8
Rules claiming more threads will be scaled down.
Job stats:
job                count    min threads    max threads
---------------  -------  -------------  -------------
build_consensus        1              1              1
build_supertree        1              1              1
build_trees            1              1              1
run_mmseq2             1              1              1
save_to_onefile        1              1              1
select_clusters        1              1              1
total                  6              1              1

Select jobs to execute...

[Thu Jan 19 13:20:29 2023]
rule save_to_onefile:
    input: species/species.txt
    output: proteomes/proteomes_all.fasta
    jobid: 4
    reason: Missing output files: proteomes/proteomes_all.fasta
    wildcards: subset=all
    resources: tmpdir=/tmp

[Thu Jan 19 13:20:29 2023]
Finished job 4.
1 of 6 steps (17%) done
Select jobs to execute...

[Thu Jan 19 13:20:29 2023]
rule run_mmseq2:
    input: proteomes/proteomes_all.fasta
    output: mmseq_res/mmseq_result_all_all_seqs.fasta
    jobid: 3
    reason: Missing output files: mmseq_res/mmseq_result_all_all_seqs.fasta; Input files updated by another job: proteomes/proteomes_all.fasta
    wildcards: subset=all
    resources: tmpdir=/tmp

Terminating processes on user request, this might take some time.
[Thu Jan 19 13:20:32 2023]
Error in rule run_mmseq2:
    jobid: 3
    input: proteomes/proteomes_all.fasta
    output: mmseq_res/mmseq_result_all_all_seqs.fasta
    shell:
        mmseqs easy-cluster proteomes/proteomes_all.fasta mmseq_res/mmseq_result_all tmp -c 0.5
        (one of the commands exited with non-zero exit code; note that snakemake uses bash strict mode!)

Complete log: .snakemake/log/2023-01-19T132028.867344.snakemake.log
