Building DAG of jobs...
Using shell: /usr/bin/bash
Provided cores: 8
Rules claiming more threads will be scaled down.
Job stats:
job                count    min threads    max threads
---------------  -------  -------------  -------------
all                    1              1              1
build_consensus        1              1              1
build_supertree        1              1              1
total                  3              1              1

Select jobs to execute...

[Fri Jan 20 12:16:03 2023]
rule build_consensus:
    input: results/all05_orto1to1random_nb_trees1file.nwk
    output: results/all05_orto1to1random_nb_consensus.nwk
    jobid: 8
    reason: Missing output files: results/all05_orto1to1random_nb_consensus.nwk
    wildcards: subset=all05, type=orto1to1random, bootstrap=nb
    resources: tmpdir=/tmp

[Fri Jan 20 12:16:03 2023]
rule build_supertree:
    input: results/all05_orto1to1random_nb_trees1file.nwk
    output: results/all05_orto1to1random_nb_supertree.nwk
    jobid: 1
    reason: Missing output files: results/all05_orto1to1random_nb_supertree.nwk
    wildcards: subset=all05, type=orto1to1random, bootstrap=nb
    resources: tmpdir=/tmp

[Fri Jan 20 12:16:03 2023]
Error in rule build_supertree:
    jobid: 1
    input: results/all05_orto1to1random_nb_trees1file.nwk
    output: results/all05_orto1to1random_nb_supertree.nwk
    shell:
        
        sed 's/;//' results/all05_orto1to1random_nb_trees1file.nwk > temp_results/all05_orto1to1random_nb_trees1file.nwk
        var=$(fasturec -G temp_results/all05_orto1to1random_nb_trees1file.nwk -Z | tail -1 | cut -d"-" -f2 | cut -d" " -f1)
        head -n 1 $var | cut -d' ' -f2 > results/all05_orto1to1random_nb_supertree.nwk
        rm $var
        rm temp_results/all05_orto1to1random_nb_trees1file.nwk
        
        (one of the commands exited with non-zero exit code; note that snakemake uses bash strict mode!)

[Fri Jan 20 12:16:03 2023]
Error in rule build_consensus:
    jobid: 8
    input: results/all05_orto1to1random_nb_trees1file.nwk
    output: results/all05_orto1to1random_nb_consensus.nwk

RuleException:
CalledProcessError in file /home/ola/GENOMIKA/genomics_project/Snakefile, line 130:
Command 'set -euo pipefail;  Rscript --vanilla /home/ola/GENOMIKA/genomics_project/.snakemake/scripts/tmpv998rox8.get_consensus.R' returned non-zero exit status 1.
  File "/home/ola/GENOMIKA/genomics_project/Snakefile", line 130, in __rule_build_consensus
  File "/home/ola/miniconda3/envs/tsg/lib/python3.10/concurrent/futures/thread.py", line 58, in run
Shutting down, this might take some time.
Exiting because a job execution failed. Look above for error message
Complete log: .snakemake/log/2023-01-20T121603.195551.snakemake.log
