Building DAG of jobs...
Using shell: /usr/bin/bash
Provided cores: 8
Rules claiming more threads will be scaled down.
Job stats:
job                count    min threads    max threads
---------------  -------  -------------  -------------
all                    1              1              1
build_consensus        1              1              1
build_supertree        1              1              1
build_trees            1              1              1
total                  4              1              1

Select jobs to execute...

[Thu Jan 19 16:17:15 2023]
rule build_trees:
    input: results/selected_clusters/all05_orto1to1
    output: results/all05_orto1to1_trees1file.nwk
    jobid: 2
    reason: Missing output files: results/all05_orto1to1_trees1file.nwk
    wildcards: subset=all05, type=orto1to1
    resources: tmpdir=/tmp

[Thu Jan 19 16:17:29 2023]
Finished job 2.
1 of 4 steps (25%) done
Select jobs to execute...

[Thu Jan 19 16:17:29 2023]
rule build_consensus:
    input: results/all05_orto1to1_trees1file.nwk
    output: results/all05_orto1to1_consensus.nwk
    jobid: 7
    reason: Missing output files: results/all05_orto1to1_consensus.nwk; Input files updated by another job: results/all05_orto1to1_trees1file.nwk
    wildcards: subset=all05, type=orto1to1
    resources: tmpdir=/tmp

[Thu Jan 19 16:17:29 2023]
rule build_supertree:
    input: results/all05_orto1to1_trees1file.nwk
    output: results/all05_orto1to1_supertree.nwk
    jobid: 1
    reason: Missing output files: results/all05_orto1to1_supertree.nwk; Input files updated by another job: results/all05_orto1to1_trees1file.nwk
    wildcards: subset=all05, type=orto1to1
    resources: tmpdir=/tmp

[Thu Jan 19 16:17:29 2023]
Finished job 7.
2 of 4 steps (50%) done
[Thu Jan 19 16:17:29 2023]
Finished job 1.
3 of 4 steps (75%) done
Select jobs to execute...

[Thu Jan 19 16:17:29 2023]
localrule all:
    input: results/all05_orto1to1_supertree.nwk, results/all05_orto1to1_consensus.nwk
    jobid: 0
    reason: Input files updated by another job: results/all05_orto1to1_consensus.nwk, results/all05_orto1to1_supertree.nwk
    resources: tmpdir=/tmp

[Thu Jan 19 16:17:29 2023]
Finished job 0.
4 of 4 steps (100%) done
Complete log: .snakemake/log/2023-01-19T161715.294695.snakemake.log
