Building DAG of jobs...
Using shell: /usr/bin/bash
Provided cores: 8
Rules claiming more threads will be scaled down.
Job stats:
job                count    min threads    max threads
---------------  -------  -------------  -------------
all                    1              1              1
build_consensus        1              1              1
build_supertree        1              1              1
trees2onefile          1              1              1
total                  4              1              1

Select jobs to execute...

[Fri Jan 20 12:23:21 2023]
rule trees2onefile:
    input: results/nj_trees/all05_orto1to1random
    output: results/all05_orto1to1random_nb_trees1file.nwk
    jobid: 2
    reason: Missing output files: results/all05_orto1to1random_nb_trees1file.nwk
    wildcards: subset=all05, type=orto1to1random, bootstrap=nb
    resources: tmpdir=/tmp

[Fri Jan 20 12:23:22 2023]
Finished job 2.
1 of 4 steps (25%) done
Select jobs to execute...

[Fri Jan 20 12:23:22 2023]
rule build_consensus:
    input: results/all05_orto1to1random_nb_trees1file.nwk
    output: results/all05_orto1to1random_nb_consensus.nwk
    jobid: 8
    reason: Missing output files: results/all05_orto1to1random_nb_consensus.nwk; Input files updated by another job: results/all05_orto1to1random_nb_trees1file.nwk
    wildcards: subset=all05, type=orto1to1random, bootstrap=nb
    resources: tmpdir=/tmp

[Fri Jan 20 12:23:22 2023]
rule build_supertree:
    input: results/all05_orto1to1random_nb_trees1file.nwk
    output: results/all05_orto1to1random_nb_supertree.nwk
    jobid: 1
    reason: Missing output files: results/all05_orto1to1random_nb_supertree.nwk; Input files updated by another job: results/all05_orto1to1random_nb_trees1file.nwk
    wildcards: subset=all05, type=orto1to1random, bootstrap=nb
    resources: tmpdir=/tmp

[Fri Jan 20 12:23:22 2023]
Error in rule build_consensus:
    jobid: 8
    input: results/all05_orto1to1random_nb_trees1file.nwk
    output: results/all05_orto1to1random_nb_consensus.nwk

RuleException:
CalledProcessError in file /home/ola/GENOMIKA/genomics_project/Snakefile, line 130:
Command 'set -euo pipefail;  Rscript --vanilla /home/ola/GENOMIKA/genomics_project/.snakemake/scripts/tmpat856spf.get_consensus.R' returned non-zero exit status 1.
  File "/home/ola/GENOMIKA/genomics_project/Snakefile", line 130, in __rule_build_consensus
  File "/home/ola/miniconda3/envs/tsg/lib/python3.10/concurrent/futures/thread.py", line 58, in run
[Fri Jan 20 12:23:22 2023]
Finished job 1.
2 of 4 steps (50%) done
Shutting down, this might take some time.
Exiting because a job execution failed. Look above for error message
Complete log: .snakemake/log/2023-01-20T122321.473730.snakemake.log
