Building DAG of jobs...
Using shell: /usr/bin/bash
Provided cores: 8
Rules claiming more threads will be scaled down.
Job stats:
job                count    min threads    max threads
---------------  -------  -------------  -------------
all                    1              1              1
bootstrap              1              1              1
build_consensus        1              1              1
build_supertree        1              1              1
trees2onefile          1              1              1
total                  5              1              1

Select jobs to execute...

[Fri Jan 20 23:59:54 2023]
rule bootstrap:
    input: results/msa_results/without1therarest_orto1to1random, results/nj_trees/without1therarest_orto1to1random
    output: results/nj_trees_bootstrap/without1therarest_orto1to1random
    jobid: 3
    reason: Missing output files: results/nj_trees_bootstrap/without1therarest_orto1to1random
    wildcards: subset=without1therarest, type=orto1to1random
    resources: tmpdir=/tmp

[Sat Jan 21 00:09:10 2023]
Finished job 3.
1 of 5 steps (20%) done
Select jobs to execute...

[Sat Jan 21 00:09:10 2023]
rule trees2onefile:
    input: results/nj_trees_bootstrap/without1therarest_orto1to1random
    output: results/final/without1therarest_orto1to1random_b_trees1file.nwk
    jobid: 2
    reason: Missing output files: results/final/without1therarest_orto1to1random_b_trees1file.nwk; Input files updated by another job: results/nj_trees_bootstrap/without1therarest_orto1to1random
    wildcards: subset=without1therarest, type=orto1to1random, bootstrap=b
    resources: tmpdir=/tmp

[Sat Jan 21 00:09:10 2023]
Finished job 2.
2 of 5 steps (40%) done
Select jobs to execute...

[Sat Jan 21 00:09:10 2023]
rule build_consensus:
    input: results/final/without1therarest_orto1to1random_b_trees1file.nwk
    output: results/final/without1therarest_orto1to1random_b_consensus.nwk
    jobid: 9
    reason: Missing output files: results/final/without1therarest_orto1to1random_b_consensus.nwk; Input files updated by another job: results/final/without1therarest_orto1to1random_b_trees1file.nwk
    wildcards: subset=without1therarest, type=orto1to1random, bootstrap=b
    resources: tmpdir=/tmp

[Sat Jan 21 00:09:10 2023]
rule build_supertree:
    input: results/final/without1therarest_orto1to1random_b_trees1file.nwk
    output: results/final/without1therarest_orto1to1random_b_supertree.nwk
    jobid: 1
    reason: Missing output files: results/final/without1therarest_orto1to1random_b_supertree.nwk; Input files updated by another job: results/final/without1therarest_orto1to1random_b_trees1file.nwk
    wildcards: subset=without1therarest, type=orto1to1random, bootstrap=b
    resources: tmpdir=/tmp

[Sat Jan 21 00:09:11 2023]
Finished job 9.
3 of 5 steps (60%) done
[Sat Jan 21 00:09:11 2023]
Finished job 1.
4 of 5 steps (80%) done
Select jobs to execute...

[Sat Jan 21 00:09:11 2023]
localrule all:
    input: results/final/without1therarest_orto1to1random_b_supertree.nwk, results/final/without1therarest_orto1to1random_b_consensus.nwk
    jobid: 0
    reason: Input files updated by another job: results/final/without1therarest_orto1to1random_b_consensus.nwk, results/final/without1therarest_orto1to1random_b_supertree.nwk
    resources: tmpdir=/tmp

[Sat Jan 21 00:09:11 2023]
Finished job 0.
5 of 5 steps (100%) done
Complete log: .snakemake/log/2023-01-20T235954.691170.snakemake.log
