Building DAG of jobs...
Using shell: /usr/bin/bash
Provided cores: 8
Rules claiming more threads will be scaled down.
Job stats:
job                count    min threads    max threads
---------------  -------  -------------  -------------
all                    1              1              1
bootstrap              1              1              1
build_consensus        1              1              1
build_supertree        1              1              1
build_trees            1              1              1
select_clusters        1              1              1
trees2onefile          1              1              1
total                  7              1              1

Select jobs to execute...

[Fri Jan 20 12:30:14 2023]
rule select_clusters:
    input: results/mmseq_res/mmseq_result_all05_all_seqs.fasta
    output: results/selected_clusters/all05_orto1to1
    jobid: 5
    reason: Missing output files: results/selected_clusters/all05_orto1to1
    wildcards: subset=all05, type=orto1to1
    resources: tmpdir=/tmp

[Fri Jan 20 12:30:15 2023]
Finished job 5.
1 of 7 steps (14%) done
Select jobs to execute...

[Fri Jan 20 12:30:15 2023]
rule build_trees:
    input: results/selected_clusters/all05_orto1to1
    output: results/msa_results/all05_orto1to1, results/nj_trees/all05_orto1to1
    jobid: 4
    reason: Missing output files: results/nj_trees/all05_orto1to1, results/msa_results/all05_orto1to1; Input files updated by another job: results/selected_clusters/all05_orto1to1
    wildcards: subset=all05, type=orto1to1
    resources: tmpdir=/tmp

[Fri Jan 20 12:30:30 2023]
Finished job 4.
2 of 7 steps (29%) done
Select jobs to execute...

[Fri Jan 20 12:30:30 2023]
rule bootstrap:
    input: results/msa_results/all05_orto1to1, results/nj_trees/all05_orto1to1
    output: results/nj_trees_bootstrap/all05_orto1to1
    jobid: 3
    reason: Missing output files: results/nj_trees_bootstrap/all05_orto1to1; Input files updated by another job: results/nj_trees/all05_orto1to1, results/msa_results/all05_orto1to1
    wildcards: subset=all05, type=orto1to1
    resources: tmpdir=/tmp

[Fri Jan 20 12:30:30 2023]
Error in rule bootstrap:
    jobid: 3
    input: results/msa_results/all05_orto1to1, results/nj_trees/all05_orto1to1
    output: results/nj_trees_bootstrap/all05_orto1to1

RuleException:
CalledProcessError in file /home/ola/GENOMIKA/genomics_project/Snakefile, line 91:
Command 'set -euo pipefail;  Rscript --vanilla /home/ola/GENOMIKA/genomics_project/.snakemake/scripts/tmp7tdho0zw.bootstrap.R' returned non-zero exit status 1.
  File "/home/ola/GENOMIKA/genomics_project/Snakefile", line 91, in __rule_bootstrap
  File "/home/ola/miniconda3/envs/tsg/lib/python3.10/concurrent/futures/thread.py", line 58, in run
Shutting down, this might take some time.
Exiting because a job execution failed. Look above for error message
Complete log: .snakemake/log/2023-01-20T123014.206500.snakemake.log
