Building DAG of jobs...
Using shell: /usr/bin/bash
Provided cores: 8
Rules claiming more threads will be scaled down.
Job stats:
job                count    min threads    max threads
---------------  -------  -------------  -------------
all                    1              1              1
build_consensus        1              1              1
build_supertree        1              1              1
build_trees            1              1              1
run_mmseq2             1              1              1
save_to_onefile        1              1              1
select_clusters        1              1              1
trees2onefile          1              1              1
total                  8              1              1

Select jobs to execute...

[Fri Jan 20 19:07:30 2023]
rule save_to_onefile:
    input: species/species.txt, results/proteomes_raw/UP000001986.fasta, results/proteomes_raw/UP000002410.fasta, results/proteomes_raw/UP000001412.fasta, results/proteomes_raw/UP000002411.fasta, results/proteomes_raw/UP000000814.fasta, results/proteomes_raw/UP000031866.fasta, results/proteomes_raw/UP000001823.fasta, results/proteomes_raw/UP000001824.fasta, results/proteomes_raw/UP000000818.fasta, results/proteomes_raw/UP000000370.fasta, results/proteomes_raw/UP000001978.fasta, results/proteomes_raw/UP000000269.fasta, results/proteomes_raw/UP000001572.fasta, results/proteomes_raw/UP000019109.fasta, results/proteomes_raw/UP000000256.fasta, results/proteomes_raw/UP000002156.fasta, results/proteomes_raw/UP000000555.fasta, results/proteomes_raw/UP000000417.fasta, results/proteomes_raw/UP000001946.fasta, results/proteomes_raw/UP000001968.fasta, results/proteomes_raw/UP000182811.fasta, results/proteomes_raw/UP000002706.fasta, results/proteomes_raw/UP000001556.fasta, results/proteomes_raw/UP000000423.fasta, results/proteomes_raw/UP000001016.fasta, results/proteomes_raw/UP000000581.fasta, results/proteomes_raw/UP000008816.fasta, results/proteomes_raw/UP000001570.fasta, results/proteomes_raw/UP000001584.fasta, results/proteomes_raw/UP000001973.fasta
    output: results/proteomes/proteomes_all05.fasta
    jobid: 6
    reason: Code has changed since last execution
    wildcards: subset=all05
    resources: tmpdir=/tmp

[Fri Jan 20 19:07:31 2023]
Error in rule save_to_onefile:
    jobid: 6
    input: species/species.txt, results/proteomes_raw/UP000001986.fasta, results/proteomes_raw/UP000002410.fasta, results/proteomes_raw/UP000001412.fasta, results/proteomes_raw/UP000002411.fasta, results/proteomes_raw/UP000000814.fasta, results/proteomes_raw/UP000031866.fasta, results/proteomes_raw/UP000001823.fasta, results/proteomes_raw/UP000001824.fasta, results/proteomes_raw/UP000000818.fasta, results/proteomes_raw/UP000000370.fasta, results/proteomes_raw/UP000001978.fasta, results/proteomes_raw/UP000000269.fasta, results/proteomes_raw/UP000001572.fasta, results/proteomes_raw/UP000019109.fasta, results/proteomes_raw/UP000000256.fasta, results/proteomes_raw/UP000002156.fasta, results/proteomes_raw/UP000000555.fasta, results/proteomes_raw/UP000000417.fasta, results/proteomes_raw/UP000001946.fasta, results/proteomes_raw/UP000001968.fasta, results/proteomes_raw/UP000182811.fasta, results/proteomes_raw/UP000002706.fasta, results/proteomes_raw/UP000001556.fasta, results/proteomes_raw/UP000000423.fasta, results/proteomes_raw/UP000001016.fasta, results/proteomes_raw/UP000000581.fasta, results/proteomes_raw/UP000008816.fasta, results/proteomes_raw/UP000001570.fasta, results/proteomes_raw/UP000001584.fasta, results/proteomes_raw/UP000001973.fasta
    output: results/proteomes/proteomes_all05.fasta

RuleException:
CalledProcessError in file /home/ola/GENOMIKA/genomics_project/Snakefile, line 63:
Command 'set -euo pipefail;  /home/ola/miniconda3/envs/tsg/bin/python3.10 /home/ola/GENOMIKA/genomics_project/.snakemake/scripts/tmpgxgv1aet.save_proteomes.py' returned non-zero exit status 1.
  File "/home/ola/GENOMIKA/genomics_project/Snakefile", line 63, in __rule_save_to_onefile
  File "/home/ola/miniconda3/envs/tsg/lib/python3.10/concurrent/futures/thread.py", line 58, in run
Shutting down, this might take some time.
Exiting because a job execution failed. Look above for error message
Complete log: .snakemake/log/2023-01-20T190729.967345.snakemake.log
