Building DAG of jobs...
Using shell: /usr/bin/bash
Provided cores: 8
Rules claiming more threads will be scaled down.
Job stats:
job                count    min threads    max threads
---------------  -------  -------------  -------------
all                    1              1              1
bootstrap              1              1              1
build_supertree        1              1              1
trees2onefile          1              1              1
total                  4              1              1

Select jobs to execute...

[Fri Jan 20 23:32:15 2023]
rule bootstrap:
    input: results/msa_results/without2therarest_orto15, results/nj_trees/without2therarest_orto15
    output: results/nj_trees_bootstrap/without2therarest_orto15
    jobid: 3
    reason: Missing output files: results/nj_trees_bootstrap/without2therarest_orto15
    wildcards: subset=without2therarest, type=orto15
    resources: tmpdir=/tmp

[Fri Jan 20 23:47:28 2023]
Finished job 3.
1 of 4 steps (25%) done
Select jobs to execute...

[Fri Jan 20 23:47:28 2023]
rule trees2onefile:
    input: results/nj_trees_bootstrap/without2therarest_orto15
    output: results/final/without2therarest_orto15_b_trees1file.nwk
    jobid: 2
    reason: Missing output files: results/final/without2therarest_orto15_b_trees1file.nwk; Input files updated by another job: results/nj_trees_bootstrap/without2therarest_orto15
    wildcards: subset=without2therarest, type=orto15, bootstrap=b
    resources: tmpdir=/tmp

[Fri Jan 20 23:47:29 2023]
Finished job 2.
2 of 4 steps (50%) done
Select jobs to execute...

[Fri Jan 20 23:47:29 2023]
rule build_supertree:
    input: results/final/without2therarest_orto15_b_trees1file.nwk
    output: results/final/without2therarest_orto15_b_supertree.nwk
    jobid: 1
    reason: Missing output files: results/final/without2therarest_orto15_b_supertree.nwk; Input files updated by another job: results/final/without2therarest_orto15_b_trees1file.nwk
    wildcards: subset=without2therarest, type=orto15, bootstrap=b
    resources: tmpdir=/tmp

[Fri Jan 20 23:47:31 2023]
Finished job 1.
3 of 4 steps (75%) done
Select jobs to execute...

[Fri Jan 20 23:47:31 2023]
localrule all:
    input: results/final/without2therarest_orto15_b_supertree.nwk
    jobid: 0
    reason: Input files updated by another job: results/final/without2therarest_orto15_b_supertree.nwk
    resources: tmpdir=/tmp

[Fri Jan 20 23:47:31 2023]
Finished job 0.
4 of 4 steps (100%) done
Complete log: .snakemake/log/2023-01-20T233214.977605.snakemake.log
