Building DAG of jobs...
Using shell: /usr/bin/bash
Provided cores: 8
Rules claiming more threads will be scaled down.
Job stats:
job                count    min threads    max threads
---------------  -------  -------------  -------------
all                    1              1              1
build_supertree        1              1              1
build_trees            1              1              1
select_clusters        1              1              1
total                  4              1              1

Select jobs to execute...

[Thu Jan 19 17:11:22 2023]
rule select_clusters:
    input: results/mmseq_res/mmseq_result_all05_all_seqs.fasta
    output: results/selected_clusters/all05_orto5random
    jobid: 3
    reason: Missing output files: results/selected_clusters/all05_orto5random
    wildcards: subset=all05, type=orto5random
    resources: tmpdir=/tmp

[Thu Jan 19 17:11:23 2023]
Finished job 3.
1 of 4 steps (25%) done
Select jobs to execute...

[Thu Jan 19 17:11:23 2023]
rule build_trees:
    input: results/selected_clusters/all05_orto5random
    output: results/all05_orto5random_trees1file.nwk
    jobid: 2
    reason: Missing output files: results/all05_orto5random_trees1file.nwk; Input files updated by another job: results/selected_clusters/all05_orto5random
    wildcards: subset=all05, type=orto5random
    resources: tmpdir=/tmp

[Thu Jan 19 17:15:36 2023]
Finished job 2.
2 of 4 steps (50%) done
Select jobs to execute...

[Thu Jan 19 17:15:36 2023]
rule build_supertree:
    input: results/all05_orto5random_trees1file.nwk
    output: results/all05_orto5random_supertree.nwk
    jobid: 1
    reason: Missing output files: results/all05_orto5random_supertree.nwk; Input files updated by another job: results/all05_orto5random_trees1file.nwk
    wildcards: subset=all05, type=orto5random
    resources: tmpdir=/tmp

[Thu Jan 19 17:15:36 2023]
Error in rule build_supertree:
    jobid: 1
    input: results/all05_orto5random_trees1file.nwk
    output: results/all05_orto5random_supertree.nwk
    shell:
        
        var=$(fasturec -G results/all05_orto5random_trees1file.nwk -Z | tail -1 | cut -d"-" -f2 | cut -d" " -f1)
        head -n 1 $var | cut -d' ' -f2 > results/all05_orto5random_supertree.nwk
        rm $var
        
        (one of the commands exited with non-zero exit code; note that snakemake uses bash strict mode!)

Shutting down, this might take some time.
Exiting because a job execution failed. Look above for error message
Complete log: .snakemake/log/2023-01-19T171121.876533.snakemake.log
