Building DAG of jobs...
Using shell: /usr/bin/bash
Provided cores: 8
Rules claiming more threads will be scaled down.
Job stats:
job                count    min threads    max threads
---------------  -------  -------------  -------------
all                    1              1              1
bootstrap              1              1              1
build_supertree        1              1              1
trees2onefile          1              1              1
total                  4              1              1

Select jobs to execute...

[Fri Jan 20 20:03:34 2023]
rule bootstrap:
    input: results/msa_results/withoutClostridiums_orto10, results/nj_trees/withoutClostridiums_orto10
    output: results/nj_trees_bootstrap/withoutClostridiums_orto10
    jobid: 3
    reason: Missing output files: results/nj_trees_bootstrap/withoutClostridiums_orto10
    wildcards: subset=withoutClostridiums, type=orto10
    resources: tmpdir=/tmp

[Fri Jan 20 20:16:55 2023]
Finished job 3.
1 of 4 steps (25%) done
Select jobs to execute...

[Fri Jan 20 20:16:55 2023]
rule trees2onefile:
    input: results/nj_trees_bootstrap/withoutClostridiums_orto10
    output: results/final/withoutClostridiums_orto10_b_trees1file.nwk
    jobid: 2
    reason: Missing output files: results/final/withoutClostridiums_orto10_b_trees1file.nwk; Input files updated by another job: results/nj_trees_bootstrap/withoutClostridiums_orto10
    wildcards: subset=withoutClostridiums, type=orto10, bootstrap=b
    resources: tmpdir=/tmp

[Fri Jan 20 20:16:55 2023]
Finished job 2.
2 of 4 steps (50%) done
Select jobs to execute...

[Fri Jan 20 20:16:55 2023]
rule build_supertree:
    input: results/final/withoutClostridiums_orto10_b_trees1file.nwk
    output: results/final/withoutClostridiums_orto10_b_supertree.nwk
    jobid: 1
    reason: Missing output files: results/final/withoutClostridiums_orto10_b_supertree.nwk; Input files updated by another job: results/final/withoutClostridiums_orto10_b_trees1file.nwk
    wildcards: subset=withoutClostridiums, type=orto10, bootstrap=b
    resources: tmpdir=/tmp

[Fri Jan 20 20:16:56 2023]
Finished job 1.
3 of 4 steps (75%) done
Select jobs to execute...

[Fri Jan 20 20:16:56 2023]
localrule all:
    input: results/final/withoutClostridiums_orto10_b_supertree.nwk
    jobid: 0
    reason: Input files updated by another job: results/final/withoutClostridiums_orto10_b_supertree.nwk
    resources: tmpdir=/tmp

[Fri Jan 20 20:16:56 2023]
Finished job 0.
4 of 4 steps (100%) done
Complete log: .snakemake/log/2023-01-20T200334.243917.snakemake.log
