Building DAG of jobs...
Using shell: /usr/bin/bash
Provided cores: 8
Rules claiming more threads will be scaled down.
Job stats:
job                count    min threads    max threads
---------------  -------  -------------  -------------
all                    1              1              1
build_consensus        1              1              1
build_supertree        1              1              1
trees2onefile          1              1              1
total                  4              1              1

Select jobs to execute...

[Fri Jan 20 12:28:07 2023]
rule trees2onefile:
    input: results/nj_trees/all05_orto1to1random
    output: results/all05_orto1to1random_nb_trees1file.nwk
    jobid: 2
    reason: Missing output files: results/all05_orto1to1random_nb_trees1file.nwk
    wildcards: subset=all05, type=orto1to1random, bootstrap=nb
    resources: tmpdir=/tmp

[Fri Jan 20 12:28:07 2023]
Finished job 2.
1 of 4 steps (25%) done
Select jobs to execute...

[Fri Jan 20 12:28:07 2023]
rule build_consensus:
    input: results/all05_orto1to1random_nb_trees1file.nwk
    output: results/all05_orto1to1random_nb_consensus.nwk
    jobid: 8
    reason: Missing output files: results/all05_orto1to1random_nb_consensus.nwk; Input files updated by another job: results/all05_orto1to1random_nb_trees1file.nwk
    wildcards: subset=all05, type=orto1to1random, bootstrap=nb
    resources: tmpdir=/tmp

[Fri Jan 20 12:28:07 2023]
rule build_supertree:
    input: results/all05_orto1to1random_nb_trees1file.nwk
    output: results/all05_orto1to1random_nb_supertree.nwk
    jobid: 1
    reason: Input files updated by another job: results/all05_orto1to1random_nb_trees1file.nwk
    wildcards: subset=all05, type=orto1to1random, bootstrap=nb
    resources: tmpdir=/tmp

[Fri Jan 20 12:28:08 2023]
Finished job 8.
2 of 4 steps (50%) done
[Fri Jan 20 12:28:08 2023]
Finished job 1.
3 of 4 steps (75%) done
Select jobs to execute...

[Fri Jan 20 12:28:08 2023]
localrule all:
    input: results/all05_orto1to1random_nb_supertree.nwk, results/all05_orto1to1random_nb_consensus.nwk
    jobid: 0
    reason: Input files updated by another job: results/all05_orto1to1random_nb_supertree.nwk, results/all05_orto1to1random_nb_consensus.nwk
    resources: tmpdir=/tmp

[Fri Jan 20 12:28:08 2023]
Finished job 0.
4 of 4 steps (100%) done
Complete log: .snakemake/log/2023-01-20T122807.070057.snakemake.log
