Building DAG of jobs...
Using shell: /usr/bin/bash
Provided cores: 8
Rules claiming more threads will be scaled down.
Job stats:
job                count    min threads    max threads
---------------  -------  -------------  -------------
all                    1              1              1
bootstrap              1              1              1
build_supertree        1              1              1
trees2onefile          1              1              1
total                  4              1              1

Select jobs to execute...

[Fri Jan 20 16:04:51 2023]
rule bootstrap:
    input: results/msa_results/all05_orto15, results/nj_trees/all05_orto15
    output: results/nj_trees_bootstrap/all05_orto15
    jobid: 3
    reason: Missing output files: results/nj_trees_bootstrap/all05_orto15
    wildcards: subset=all05, type=orto15
    resources: tmpdir=/tmp

[Fri Jan 20 16:04:53 2023]
Error in rule bootstrap:
    jobid: 3
    input: results/msa_results/all05_orto15, results/nj_trees/all05_orto15
    output: results/nj_trees_bootstrap/all05_orto15

RuleException:
CalledProcessError in file /home/ola/GENOMIKA/genomics_project/Snakefile, line 103:
Command 'set -euo pipefail;  Rscript --vanilla /home/ola/GENOMIKA/genomics_project/.snakemake/scripts/tmp69h7r5xm.bootstrap.R' returned non-zero exit status 1.
  File "/home/ola/GENOMIKA/genomics_project/Snakefile", line 103, in __rule_bootstrap
  File "/home/ola/miniconda3/envs/tsg/lib/python3.10/concurrent/futures/thread.py", line 58, in run
Shutting down, this might take some time.
Exiting because a job execution failed. Look above for error message
Complete log: .snakemake/log/2023-01-20T160451.078941.snakemake.log
