The flag 'directory' used in rule build_trees is only valid for outputs, not inputs.
Building DAG of jobs...
Using shell: /usr/bin/bash
Provided cores: 8
Rules claiming more threads will be scaled down.
Job stats:
job                   count    min threads    max threads
------------------  -------  -------------  -------------
build_consensus           1              1              1
build_supertree           1              1              1
build_trees               1              1              1
download_proteomes        1              1              1
run_mmseq2                1              1              1
save_to_onefile           1              1              1
select_clusters           1              1              1
total                     7              1              1

Select jobs to execute...

[Thu Jan 19 13:17:15 2023]
rule download_proteomes:
    input: species/species.txt
    output: proteomes_raw/UP000001986.fasta, proteomes_raw/UP000002410.fasta, proteomes_raw/UP000001412.fasta, proteomes_raw/UP000002411.fasta, proteomes_raw/UP000000814.fasta, proteomes_raw/UP000031866.fasta, proteomes_raw/UP000001823.fasta, proteomes_raw/UP000001824.fasta, proteomes_raw/UP000000818.fasta, proteomes_raw/UP000000370.fasta, proteomes_raw/UP000001978.fasta, proteomes_raw/UP000000269.fasta, proteomes_raw/UP000001572.fasta, proteomes_raw/UP000019109.fasta, proteomes_raw/UP000000256.fasta, proteomes_raw/UP000002156.fasta, proteomes_raw/UP000000555.fasta, proteomes_raw/UP000000417.fasta, proteomes_raw/UP000001946.fasta, proteomes_raw/UP000001968.fasta, proteomes_raw/UP000182811.fasta, proteomes_raw/UP000002706.fasta, proteomes_raw/UP000001556.fasta, proteomes_raw/UP000000423.fasta, proteomes_raw/UP000001016.fasta, proteomes_raw/UP000000581.fasta, proteomes_raw/UP000008816.fasta, proteomes_raw/UP000001570.fasta, proteomes_raw/UP000001584.fasta, proteomes_raw/UP000001973.fasta
    jobid: 5
    reason: Missing output files: proteomes_raw/UP000000370.fasta, proteomes_raw/UP000182811.fasta, proteomes_raw/UP000002411.fasta, proteomes_raw/UP000000818.fasta, proteomes_raw/UP000000256.fasta, proteomes_raw/UP000002156.fasta, proteomes_raw/UP000001824.fasta, proteomes_raw/UP000000814.fasta, proteomes_raw/UP000019109.fasta, proteomes_raw/UP000001973.fasta, proteomes_raw/UP000001823.fasta, proteomes_raw/UP000000581.fasta, proteomes_raw/UP000000555.fasta, proteomes_raw/UP000001570.fasta, proteomes_raw/UP000001946.fasta, proteomes_raw/UP000000423.fasta, proteomes_raw/UP000001412.fasta, proteomes_raw/UP000002706.fasta, proteomes_raw/UP000008816.fasta, proteomes_raw/UP000002410.fasta, proteomes_raw/UP000000417.fasta, proteomes_raw/UP000001556.fasta, proteomes_raw/UP000001986.fasta, proteomes_raw/UP000001584.fasta, proteomes_raw/UP000001978.fasta, proteomes_raw/UP000001572.fasta, proteomes_raw/UP000031866.fasta, proteomes_raw/UP000001968.fasta, proteomes_raw/UP000000269.fasta, proteomes_raw/UP000001016.fasta
    resources: tmpdir=/tmp

[Thu Jan 19 13:18:02 2023]
Finished job 5.
1 of 7 steps (14%) done
Select jobs to execute...

[Thu Jan 19 13:18:02 2023]
rule save_to_onefile:
    input: species/species.txt, proteomes_raw/UP000001986.fasta, proteomes_raw/UP000002410.fasta, proteomes_raw/UP000001412.fasta, proteomes_raw/UP000002411.fasta, proteomes_raw/UP000000814.fasta, proteomes_raw/UP000031866.fasta, proteomes_raw/UP000001823.fasta, proteomes_raw/UP000001824.fasta, proteomes_raw/UP000000818.fasta, proteomes_raw/UP000000370.fasta, proteomes_raw/UP000001978.fasta, proteomes_raw/UP000000269.fasta, proteomes_raw/UP000001572.fasta, proteomes_raw/UP000019109.fasta, proteomes_raw/UP000000256.fasta, proteomes_raw/UP000002156.fasta, proteomes_raw/UP000000555.fasta, proteomes_raw/UP000000417.fasta, proteomes_raw/UP000001946.fasta, proteomes_raw/UP000001968.fasta, proteomes_raw/UP000182811.fasta, proteomes_raw/UP000002706.fasta, proteomes_raw/UP000001556.fasta, proteomes_raw/UP000000423.fasta, proteomes_raw/UP000001016.fasta, proteomes_raw/UP000000581.fasta, proteomes_raw/UP000008816.fasta, proteomes_raw/UP000001570.fasta, proteomes_raw/UP000001584.fasta, proteomes_raw/UP000001973.fasta
    output: proteomes/proteomes_all.fasta
    jobid: 4
    reason: Missing output files: proteomes/proteomes_all.fasta; Input files updated by another job: proteomes_raw/UP000000370.fasta, proteomes_raw/UP000000423.fasta, proteomes_raw/UP000182811.fasta, proteomes_raw/UP000002411.fasta, proteomes_raw/UP000000818.fasta, proteomes_raw/UP000001412.fasta, proteomes_raw/UP000000256.fasta, proteomes_raw/UP000002706.fasta, proteomes_raw/UP000008816.fasta, proteomes_raw/UP000002156.fasta, proteomes_raw/UP000002410.fasta, proteomes_raw/UP000000417.fasta, proteomes_raw/UP000001556.fasta, proteomes_raw/UP000001824.fasta, proteomes_raw/UP000000814.fasta, proteomes_raw/UP000001986.fasta, proteomes_raw/UP000019109.fasta, proteomes_raw/UP000001584.fasta, proteomes_raw/UP000001973.fasta, proteomes_raw/UP000000581.fasta, proteomes_raw/UP000001978.fasta, proteomes_raw/UP000001823.fasta, proteomes_raw/UP000001572.fasta, proteomes_raw/UP000031866.fasta, proteomes_raw/UP000001968.fasta, proteomes_raw/UP000000555.fasta, proteomes_raw/UP000000269.fasta, proteomes_raw/UP000001570.fasta, proteomes_raw/UP000001946.fasta, proteomes_raw/UP000001016.fasta
    wildcards: subset=all
    resources: tmpdir=/tmp

[Thu Jan 19 13:18:02 2023]
Error in rule save_to_onefile:
    jobid: 4
    input: species/species.txt, proteomes_raw/UP000001986.fasta, proteomes_raw/UP000002410.fasta, proteomes_raw/UP000001412.fasta, proteomes_raw/UP000002411.fasta, proteomes_raw/UP000000814.fasta, proteomes_raw/UP000031866.fasta, proteomes_raw/UP000001823.fasta, proteomes_raw/UP000001824.fasta, proteomes_raw/UP000000818.fasta, proteomes_raw/UP000000370.fasta, proteomes_raw/UP000001978.fasta, proteomes_raw/UP000000269.fasta, proteomes_raw/UP000001572.fasta, proteomes_raw/UP000019109.fasta, proteomes_raw/UP000000256.fasta, proteomes_raw/UP000002156.fasta, proteomes_raw/UP000000555.fasta, proteomes_raw/UP000000417.fasta, proteomes_raw/UP000001946.fasta, proteomes_raw/UP000001968.fasta, proteomes_raw/UP000182811.fasta, proteomes_raw/UP000002706.fasta, proteomes_raw/UP000001556.fasta, proteomes_raw/UP000000423.fasta, proteomes_raw/UP000001016.fasta, proteomes_raw/UP000000581.fasta, proteomes_raw/UP000008816.fasta, proteomes_raw/UP000001570.fasta, proteomes_raw/UP000001584.fasta, proteomes_raw/UP000001973.fasta
    output: proteomes/proteomes_all.fasta

RuleException:
CalledProcessError in file /home/ola/GENOMIKA/test/Snakefile, line 26:
Command 'set -euo pipefail;  /home/ola/miniconda3/envs/tsg/bin/python3.10 /home/ola/GENOMIKA/test/.snakemake/scripts/tmplkdi0nrh.save_proteomes.py' returned non-zero exit status 1.
  File "/home/ola/GENOMIKA/test/Snakefile", line 26, in __rule_save_to_onefile
  File "/home/ola/miniconda3/envs/tsg/lib/python3.10/concurrent/futures/thread.py", line 58, in run
Removing output files of failed job save_to_onefile since they might be corrupted:
proteomes/proteomes_all.fasta
Shutting down, this might take some time.
Exiting because a job execution failed. Look above for error message
Complete log: .snakemake/log/2023-01-19T131714.861048.snakemake.log
