Building DAG of jobs...
IncompleteFilesException:
The files below seem to be incomplete. If you are sure that certain files are not incomplete, mark them as complete with

    snakemake --cleanup-metadata <filenames>

To re-generate the files rerun your command with the --rerun-incomplete flag.
Incomplete files:
results/proteomes_raw/UP000001986.fasta
results/proteomes_raw/UP000002410.fasta
results/proteomes_raw/UP000001412.fasta
results/proteomes_raw/UP000002411.fasta
results/proteomes_raw/UP000000814.fasta
results/proteomes_raw/UP000031866.fasta
results/proteomes_raw/UP000001823.fasta
results/proteomes_raw/UP000001824.fasta
results/proteomes_raw/UP000000818.fasta
results/proteomes_raw/UP000000370.fasta
results/proteomes_raw/UP000001978.fasta
results/proteomes_raw/UP000000269.fasta
results/proteomes_raw/UP000001572.fasta
results/proteomes_raw/UP000019109.fasta
results/proteomes_raw/UP000000256.fasta
results/proteomes_raw/UP000002156.fasta
results/proteomes_raw/UP000000555.fasta
results/proteomes_raw/UP000000417.fasta
results/proteomes_raw/UP000001946.fasta
results/proteomes_raw/UP000001968.fasta
results/proteomes_raw/UP000182811.fasta
results/proteomes_raw/UP000002706.fasta
results/proteomes_raw/UP000001556.fasta
results/proteomes_raw/UP000000423.fasta
results/proteomes_raw/UP000001016.fasta
results/proteomes_raw/UP000000581.fasta
results/proteomes_raw/UP000008816.fasta
results/proteomes_raw/UP000001570.fasta
results/proteomes_raw/UP000001584.fasta
results/proteomes_raw/UP000001973.fasta
