Building DAG of jobs...
Using shell: /usr/bin/bash
Provided cores: 8
Rules claiming more threads will be scaled down.
Job stats:
job                count    min threads    max threads
---------------  -------  -------------  -------------
all                    1              1              1
build_supertree        1              1              1
trees2onefile          1              1              1
total                  3              1              1

Select jobs to execute...

[Fri Jan 20 18:51:27 2023]
rule trees2onefile:
    input: results/nj_trees/withoutClostridiums_orto1to1
    output: results/final/withoutClostridiums_orto1to1random_nb_trees1file.nwk
    jobid: 2
    reason: Missing output files: results/final/withoutClostridiums_orto1to1random_nb_trees1file.nwk
    wildcards: subset=withoutClostridiums, type=orto1to1random, bootstrap=nb
    resources: tmpdir=/tmp

[Fri Jan 20 18:51:28 2023]
Finished job 2.
1 of 3 steps (33%) done
Select jobs to execute...

[Fri Jan 20 18:51:28 2023]
rule build_supertree:
    input: results/final/withoutClostridiums_orto1to1random_nb_trees1file.nwk
    output: results/final/withoutClostridiums_orto1to1random_nb_supertree.nwk
    jobid: 1
    reason: Missing output files: results/final/withoutClostridiums_orto1to1random_nb_supertree.nwk; Input files updated by another job: results/final/withoutClostridiums_orto1to1random_nb_trees1file.nwk
    wildcards: subset=withoutClostridiums, type=orto1to1random, bootstrap=nb
    resources: tmpdir=/tmp

[Fri Jan 20 18:51:28 2023]
Finished job 1.
2 of 3 steps (67%) done
Select jobs to execute...

[Fri Jan 20 18:51:28 2023]
localrule all:
    input: results/final/withoutClostridiums_orto1to1random_nb_supertree.nwk
    jobid: 0
    reason: Input files updated by another job: results/final/withoutClostridiums_orto1to1random_nb_supertree.nwk
    resources: tmpdir=/tmp

[Fri Jan 20 18:51:28 2023]
Finished job 0.
3 of 3 steps (100%) done
Complete log: .snakemake/log/2023-01-20T185127.509588.snakemake.log
