Building DAG of jobs...
Using shell: /usr/bin/bash
Provided cores: 8
Rules claiming more threads will be scaled down.
Job stats:
job                count    min threads    max threads
---------------  -------  -------------  -------------
all                    1              1              1
build_supertree        1              1              1
build_trees            1              1              1
select_clusters        1              1              1
trees2onefile          1              1              1
total                  5              1              1

Select jobs to execute...

[Fri Jan 20 20:27:11 2023]
rule select_clusters:
    input: results/mmseq_res/mmseq_result_withoutClostridiums_all_seqs.fasta
    output: results/selected_clusters/withoutClostridiums_orto5
    jobid: 4
    reason: Missing output files: results/selected_clusters/withoutClostridiums_orto5
    wildcards: subset=withoutClostridiums, type=orto5
    resources: tmpdir=/tmp

[Fri Jan 20 20:27:12 2023]
Finished job 4.
1 of 5 steps (20%) done
Select jobs to execute...

[Fri Jan 20 20:27:12 2023]
rule build_trees:
    input: results/selected_clusters/withoutClostridiums_orto5
    output: results/msa_results/withoutClostridiums_orto5, results/nj_trees/withoutClostridiums_orto5
    jobid: 3
    reason: Missing output files: results/nj_trees/withoutClostridiums_orto5; Input files updated by another job: results/selected_clusters/withoutClostridiums_orto5
    wildcards: subset=withoutClostridiums, type=orto5
    resources: tmpdir=/tmp

[Fri Jan 20 20:27:57 2023]
Finished job 3.
2 of 5 steps (40%) done
Select jobs to execute...

[Fri Jan 20 20:27:57 2023]
rule trees2onefile:
    input: results/nj_trees/withoutClostridiums_orto5
    output: results/final/withoutClostridiums_orto5_nb_trees1file.nwk
    jobid: 2
    reason: Missing output files: results/final/withoutClostridiums_orto5_nb_trees1file.nwk; Input files updated by another job: results/nj_trees/withoutClostridiums_orto5
    wildcards: subset=withoutClostridiums, type=orto5, bootstrap=nb
    resources: tmpdir=/tmp

[Fri Jan 20 20:27:58 2023]
Finished job 2.
3 of 5 steps (60%) done
Select jobs to execute...

[Fri Jan 20 20:27:58 2023]
rule build_supertree:
    input: results/final/withoutClostridiums_orto5_nb_trees1file.nwk
    output: results/final/withoutClostridiums_orto5_nb_supertree.nwk
    jobid: 1
    reason: Missing output files: results/final/withoutClostridiums_orto5_nb_supertree.nwk; Input files updated by another job: results/final/withoutClostridiums_orto5_nb_trees1file.nwk
    wildcards: subset=withoutClostridiums, type=orto5, bootstrap=nb
    resources: tmpdir=/tmp

[Fri Jan 20 20:28:00 2023]
Finished job 1.
4 of 5 steps (80%) done
Select jobs to execute...

[Fri Jan 20 20:28:00 2023]
localrule all:
    input: results/final/withoutClostridiums_orto5_nb_supertree.nwk
    jobid: 0
    reason: Input files updated by another job: results/final/withoutClostridiums_orto5_nb_supertree.nwk
    resources: tmpdir=/tmp

[Fri Jan 20 20:28:00 2023]
Finished job 0.
5 of 5 steps (100%) done
Complete log: .snakemake/log/2023-01-20T202711.589832.snakemake.log
